cmake --build /home/felician/B2Ktautau/DaVinciDev/build.x86_64-centos7-gcc9-opt --target all -- 
[1/7] Building CXX object Phys/DecayTreeTuple/CMakeFiles/DecayTreeTuple.dir/src/B2KtautauDTF1.cpp.o
../Phys/DecayTreeTuple/src/B2KtautauDTF1.cpp: In member function ‘virtual StatusCode B2KtautauDTF1::fill(const LHCb::Particle*, const LHCb::Particle*, const string&, Tuples::Tuple&)’:
../Phys/DecayTreeTuple/src/B2KtautauDTF1.cpp:421:50: warning: ignoring returned value of type ‘StatusCode’, declared with attribute nodiscard [-Wunused-result]
  421 |   tuple->column("refPoint_X", refPoint_Kplus.X());
      |                                                  ^
In file included from /cvmfs/lhcb.cern.ch/lib/lhcb/GAUDI/GAUDI_v34r1/InstallArea/x86_64-centos7-gcc9-opt/include/GaudiAlg/Tuple.h:40,
                 from ../Phys/DecayTreeTuple/src/B2KtautauDTF1.h:91,
                 from ../Phys/DecayTreeTuple/src/B2KtautauDTF1.cpp:13:
/cvmfs/lhcb.cern.ch/lib/lhcb/GAUDI/GAUDI_v34r1/InstallArea/x86_64-centos7-gcc9-opt/include/GaudiAlg/TupleObj.h:311:16: note: in call to ‘StatusCode Tuples::TupleObj::column(const string&, double)’, declared here
  311 |     StatusCode column( const std::string& name, double value );
      |                ^~~~~~
In file included from /cvmfs/lhcb.cern.ch/lib/lhcb/GAUDI/GAUDI_v34r1/InstallArea/x86_64-centos7-gcc9-opt/include/GaudiKernel/IInterface.h:16,
                 from /cvmfs/lhcb.cern.ch/lib/lhcb/GAUDI/GAUDI_v34r1/InstallArea/x86_64-centos7-gcc9-opt/include/GaudiKernel/IMessageSvc.h:15,
                 from /cvmfs/lhcb.cern.ch/lib/lhcb/GAUDI/GAUDI_v34r1/InstallArea/x86_64-centos7-gcc9-opt/include/GaudiKernel/MsgStream.h:15,
                 from /cvmfs/lhcb.cern.ch/lib/lhcb/GAUDI/GAUDI_v34r1/InstallArea/x86_64-centos7-gcc9-opt/include/GaudiKernel/GaudiException.h:16,
                 from /cvmfs/lhcb.cern.ch/lib/lhcb/GAUDI/GAUDI_v34r1/InstallArea/x86_64-centos7-gcc9-opt/include/GaudiKernel/CommonMessaging.h:20,
                 from /cvmfs/lhcb.cern.ch/lib/lhcb/GAUDI/GAUDI_v34r1/InstallArea/x86_64-centos7-gcc9-opt/include/GaudiKernel/AlgTool.h:15,
                 from /cvmfs/lhcb.cern.ch/lib/lhcb/GAUDI/GAUDI_v34r1/InstallArea/x86_64-centos7-gcc9-opt/include/GaudiAlg/GaudiTool.h:18,
                 from ../Phys/DecayTreeTuple/src/B2KtautauDTF1.h:88,
                 from ../Phys/DecayTreeTuple/src/B2KtautauDTF1.cpp:13:
/cvmfs/lhcb.cern.ch/lib/lhcb/GAUDI/GAUDI_v34r1/InstallArea/x86_64-centos7-gcc9-opt/include/GaudiKernel/StatusCode.h:65:5: note: ‘StatusCode’ declared here
   65 |     StatusCode final {
      |     ^~~~~~~~~~
../Phys/DecayTreeTuple/src/B2KtautauDTF1.cpp:422:50: warning: ignoring returned value of type ‘StatusCode’, declared with attribute nodiscard [-Wunused-result]
  422 |   tuple->column("refPoint_Y", refPoint_Kplus.Y());
      |                                                  ^
In file included from /cvmfs/lhcb.cern.ch/lib/lhcb/GAUDI/GAUDI_v34r1/InstallArea/x86_64-centos7-gcc9-opt/include/GaudiAlg/Tuple.h:40,
                 from ../Phys/DecayTreeTuple/src/B2KtautauDTF1.h:91,
                 from ../Phys/DecayTreeTuple/src/B2KtautauDTF1.cpp:13:
/cvmfs/lhcb.cern.ch/lib/lhcb/GAUDI/GAUDI_v34r1/InstallArea/x86_64-centos7-gcc9-opt/include/GaudiAlg/TupleObj.h:311:16: note: in call to ‘StatusCode Tuples::TupleObj::column(const string&, double)’, declared here
  311 |     StatusCode column( const std::string& name, double value );
      |                ^~~~~~
In file included from /cvmfs/lhcb.cern.ch/lib/lhcb/GAUDI/GAUDI_v34r1/InstallArea/x86_64-centos7-gcc9-opt/include/GaudiKernel/IInterface.h:16,
                 from /cvmfs/lhcb.cern.ch/lib/lhcb/GAUDI/GAUDI_v34r1/InstallArea/x86_64-centos7-gcc9-opt/include/GaudiKernel/IMessageSvc.h:15,
                 from /cvmfs/lhcb.cern.ch/lib/lhcb/GAUDI/GAUDI_v34r1/InstallArea/x86_64-centos7-gcc9-opt/include/GaudiKernel/MsgStream.h:15,
                 from /cvmfs/lhcb.cern.ch/lib/lhcb/GAUDI/GAUDI_v34r1/InstallArea/x86_64-centos7-gcc9-opt/include/GaudiKernel/GaudiException.h:16,
                 from /cvmfs/lhcb.cern.ch/lib/lhcb/GAUDI/GAUDI_v34r1/InstallArea/x86_64-centos7-gcc9-opt/include/GaudiKernel/CommonMessaging.h:20,
                 from /cvmfs/lhcb.cern.ch/lib/lhcb/GAUDI/GAUDI_v34r1/InstallArea/x86_64-centos7-gcc9-opt/include/GaudiKernel/AlgTool.h:15,
                 from /cvmfs/lhcb.cern.ch/lib/lhcb/GAUDI/GAUDI_v34r1/InstallArea/x86_64-centos7-gcc9-opt/include/GaudiAlg/GaudiTool.h:18,
                 from ../Phys/DecayTreeTuple/src/B2KtautauDTF1.h:88,
                 from ../Phys/DecayTreeTuple/src/B2KtautauDTF1.cpp:13:
/cvmfs/lhcb.cern.ch/lib/lhcb/GAUDI/GAUDI_v34r1/InstallArea/x86_64-centos7-gcc9-opt/include/GaudiKernel/StatusCode.h:65:5: note: ‘StatusCode’ declared here
   65 |     StatusCode final {
      |     ^~~~~~~~~~
../Phys/DecayTreeTuple/src/B2KtautauDTF1.cpp:423:50: warning: ignoring returned value of type ‘StatusCode’, declared with attribute nodiscard [-Wunused-result]
  423 |   tuple->column("refPoint_Z", refPoint_Kplus.Z());
      |                                                  ^
In file included from /cvmfs/lhcb.cern.ch/lib/lhcb/GAUDI/GAUDI_v34r1/InstallArea/x86_64-centos7-gcc9-opt/include/GaudiAlg/Tuple.h:40,
                 from ../Phys/DecayTreeTuple/src/B2KtautauDTF1.h:91,
                 from ../Phys/DecayTreeTuple/src/B2KtautauDTF1.cpp:13:
/cvmfs/lhcb.cern.ch/lib/lhcb/GAUDI/GAUDI_v34r1/InstallArea/x86_64-centos7-gcc9-opt/include/GaudiAlg/TupleObj.h:311:16: note: in call to ‘StatusCode Tuples::TupleObj::column(const string&, double)’, declared here
  311 |     StatusCode column( const std::string& name, double value );
      |                ^~~~~~
In file included from /cvmfs/lhcb.cern.ch/lib/lhcb/GAUDI/GAUDI_v34r1/InstallArea/x86_64-centos7-gcc9-opt/include/GaudiKernel/IInterface.h:16,
                 from /cvmfs/lhcb.cern.ch/lib/lhcb/GAUDI/GAUDI_v34r1/InstallArea/x86_64-centos7-gcc9-opt/include/GaudiKernel/IMessageSvc.h:15,
                 from /cvmfs/lhcb.cern.ch/lib/lhcb/GAUDI/GAUDI_v34r1/InstallArea/x86_64-centos7-gcc9-opt/include/GaudiKernel/MsgStream.h:15,
                 from /cvmfs/lhcb.cern.ch/lib/lhcb/GAUDI/GAUDI_v34r1/InstallArea/x86_64-centos7-gcc9-opt/include/GaudiKernel/GaudiException.h:16,
                 from /cvmfs/lhcb.cern.ch/lib/lhcb/GAUDI/GAUDI_v34r1/InstallArea/x86_64-centos7-gcc9-opt/include/GaudiKernel/CommonMessaging.h:20,
                 from /cvmfs/lhcb.cern.ch/lib/lhcb/GAUDI/GAUDI_v34r1/InstallArea/x86_64-centos7-gcc9-opt/include/GaudiKernel/AlgTool.h:15,
                 from /cvmfs/lhcb.cern.ch/lib/lhcb/GAUDI/GAUDI_v34r1/InstallArea/x86_64-centos7-gcc9-opt/include/GaudiAlg/GaudiTool.h:18,
                 from ../Phys/DecayTreeTuple/src/B2KtautauDTF1.h:88,
                 from ../Phys/DecayTreeTuple/src/B2KtautauDTF1.cpp:13:
/cvmfs/lhcb.cern.ch/lib/lhcb/GAUDI/GAUDI_v34r1/InstallArea/x86_64-centos7-gcc9-opt/include/GaudiKernel/StatusCode.h:65:5: note: ‘StatusCode’ declared here
   65 |     StatusCode final {
      |     ^~~~~~~~~~
../Phys/DecayTreeTuple/src/B2KtautauDTF1.cpp:161:8: warning: variable ‘kplusFlag’ set but not used [-Wunused-but-set-variable]
  161 |   bool kplusFlag = true;
      |        ^~~~~~~~~
../Phys/DecayTreeTuple/src/B2KtautauDTF1.cpp:206:10: warning: unused variable ‘E_3pi1’ [-Wunused-variable]
  206 |   double E_3pi1 = tauList[0]->momentum().E();
      |          ^~~~~~
../Phys/DecayTreeTuple/src/B2KtautauDTF1.cpp:207:10: warning: unused variable ‘E_3pi2’ [-Wunused-variable]
  207 |   double E_3pi2 = tauList[1]->momentum().E();
      |          ^~~~~~
../Phys/DecayTreeTuple/src/B2KtautauDTF1.cpp:209:10: warning: unused variable ‘E_K’ [-Wunused-variable]
  209 |   double E_K    = Kplus->momentum().E();
      |          ^~~
../Phys/DecayTreeTuple/src/B2KtautauDTF1.cpp:214:10: warning: unused variable ‘pmag_3pi1’ [-Wunused-variable]
  214 |   double pmag_3pi1 = p_3pi1.r();
      |          ^~~~~~~~~
../Phys/DecayTreeTuple/src/B2KtautauDTF1.cpp:215:10: warning: unused variable ‘pmag_3pi2’ [-Wunused-variable]
  215 |   double pmag_3pi2 = p_3pi2.r();
      |          ^~~~~~~~~
../Phys/DecayTreeTuple/src/B2KtautauDTF1.cpp: In member function ‘StatusCode B2KtautauDTF1::fit(DecayTreeFitter::Fitter&, const LHCb::Particle*, const LHCb::VertexBase*, const string&, B2KtautauDTF1::TupleMap&, Tuples::Tuple&) const’:
../Phys/DecayTreeTuple/src/B2KtautauDTF1.cpp:478:51: warning: ignoring returned value of type ‘StatusCode’, declared with attribute nodiscard [-Wunused-result]
  478 |   fillChi2Iter(fitter, chisq_iters, prefix, tuple); //made by AV
      |                                                   ^
In file included from ../Phys/DecayTreeTuple/src/B2KtautauDTF1.cpp:13:
../Phys/DecayTreeTuple/src/B2KtautauDTF1.h:195:14: note: in call to ‘StatusCode B2KtautauDTF1::fillChi2Iter(DecayTreeFitter::Fitter&, std::vector<float>, const string&, Tuples::Tuple&) const’, declared here
  195 |   StatusCode fillChi2Iter(DecayTreeFitter::Fitter& fitter,
      |              ^~~~~~~~~~~~
In file included from /cvmfs/lhcb.cern.ch/lib/lhcb/GAUDI/GAUDI_v34r1/InstallArea/x86_64-centos7-gcc9-opt/include/GaudiKernel/IInterface.h:16,
                 from /cvmfs/lhcb.cern.ch/lib/lhcb/GAUDI/GAUDI_v34r1/InstallArea/x86_64-centos7-gcc9-opt/include/GaudiKernel/IMessageSvc.h:15,
                 from /cvmfs/lhcb.cern.ch/lib/lhcb/GAUDI/GAUDI_v34r1/InstallArea/x86_64-centos7-gcc9-opt/include/GaudiKernel/MsgStream.h:15,
                 from /cvmfs/lhcb.cern.ch/lib/lhcb/GAUDI/GAUDI_v34r1/InstallArea/x86_64-centos7-gcc9-opt/include/GaudiKernel/GaudiException.h:16,
                 from /cvmfs/lhcb.cern.ch/lib/lhcb/GAUDI/GAUDI_v34r1/InstallArea/x86_64-centos7-gcc9-opt/include/GaudiKernel/CommonMessaging.h:20,
                 from /cvmfs/lhcb.cern.ch/lib/lhcb/GAUDI/GAUDI_v34r1/InstallArea/x86_64-centos7-gcc9-opt/include/GaudiKernel/AlgTool.h:15,
                 from /cvmfs/lhcb.cern.ch/lib/lhcb/GAUDI/GAUDI_v34r1/InstallArea/x86_64-centos7-gcc9-opt/include/GaudiAlg/GaudiTool.h:18,
                 from ../Phys/DecayTreeTuple/src/B2KtautauDTF1.h:88,
                 from ../Phys/DecayTreeTuple/src/B2KtautauDTF1.cpp:13:
/cvmfs/lhcb.cern.ch/lib/lhcb/GAUDI/GAUDI_v34r1/InstallArea/x86_64-centos7-gcc9-opt/include/GaudiKernel/StatusCode.h:65:5: note: ‘StatusCode’ declared here
   65 |     StatusCode final {
      |     ^~~~~~~~~~
../Phys/DecayTreeTuple/src/B2KtautauDTF1.cpp:483:30: warning: ignoring returned value of type ‘StatusCode’, declared with attribute nodiscard [-Wunused-result]
  483 |               p_taup, p_taum); //made by AV
      |                              ^
In file included from ../Phys/DecayTreeTuple/src/B2KtautauDTF1.cpp:13:
../Phys/DecayTreeTuple/src/B2KtautauDTF1.h:185:14: note: in call to ‘StatusCode B2KtautauDTF1::fillVtxIter(const DecayTreeFitter::Fitter&, const string&, Tuples::Tuple&, std::vector<ROOT::Math::PositionVector3D<ROOT::Math::Cartesian3D<double>, ROOT::Math::DefaultCoordinateSystemTag> >, std::vector<ROOT::Math::PositionVector3D<ROOT::Math::Cartesian3D<double>, ROOT::Math::DefaultCoordinateSystemTag> >, std::vector<ROOT::Math::PositionVector3D<ROOT::Math::Cartesian3D<double>, ROOT::Math::DefaultCoordinateSystemTag> >, std::vector<float>, std::vector<ROOT::Math::DisplacementVector3D<ROOT::Math::Cartesian3D<double> > >, std::vector<ROOT::Math::DisplacementVector3D<ROOT::Math::Cartesian3D<double> > >, std::vector<ROOT::Math::DisplacementVector3D<ROOT::Math::Cartesian3D<double> > >, std::vector<ROOT::Math::DisplacementVector3D<ROOT::Math::Cartesian3D<double> > >) const’, declared here
  185 |   StatusCode fillVtxIter(const DecayTreeFitter::Fitter& fitter,
      |              ^~~~~~~~~~~
In file included from /cvmfs/lhcb.cern.ch/lib/lhcb/GAUDI/GAUDI_v34r1/InstallArea/x86_64-centos7-gcc9-opt/include/GaudiKernel/IInterface.h:16,
                 from /cvmfs/lhcb.cern.ch/lib/lhcb/GAUDI/GAUDI_v34r1/InstallArea/x86_64-centos7-gcc9-opt/include/GaudiKernel/IMessageSvc.h:15,
                 from /cvmfs/lhcb.cern.ch/lib/lhcb/GAUDI/GAUDI_v34r1/InstallArea/x86_64-centos7-gcc9-opt/include/GaudiKernel/MsgStream.h:15,
                 from /cvmfs/lhcb.cern.ch/lib/lhcb/GAUDI/GAUDI_v34r1/InstallArea/x86_64-centos7-gcc9-opt/include/GaudiKernel/GaudiException.h:16,
                 from /cvmfs/lhcb.cern.ch/lib/lhcb/GAUDI/GAUDI_v34r1/InstallArea/x86_64-centos7-gcc9-opt/include/GaudiKernel/CommonMessaging.h:20,
                 from /cvmfs/lhcb.cern.ch/lib/lhcb/GAUDI/GAUDI_v34r1/InstallArea/x86_64-centos7-gcc9-opt/include/GaudiKernel/AlgTool.h:15,
                 from /cvmfs/lhcb.cern.ch/lib/lhcb/GAUDI/GAUDI_v34r1/InstallArea/x86_64-centos7-gcc9-opt/include/GaudiAlg/GaudiTool.h:18,
                 from ../Phys/DecayTreeTuple/src/B2KtautauDTF1.h:88,
                 from ../Phys/DecayTreeTuple/src/B2KtautauDTF1.cpp:13:
/cvmfs/lhcb.cern.ch/lib/lhcb/GAUDI/GAUDI_v34r1/InstallArea/x86_64-centos7-gcc9-opt/include/GaudiKernel/StatusCode.h:65:5: note: ‘StatusCode’ declared here
   65 |     StatusCode final {
      |     ^~~~~~~~~~
../Phys/DecayTreeTuple/src/B2KtautauDTF1.cpp:486:33: warning: ignoring returned value of type ‘StatusCode’, declared with attribute nodiscard [-Wunused-result]
  486 |   fillDecay(fitter,prefix,tMap );
      |                                 ^
In file included from ../Phys/DecayTreeTuple/src/B2KtautauDTF1.cpp:13:
../Phys/DecayTreeTuple/src/B2KtautauDTF1.h:202:14: note: in call to ‘StatusCode B2KtautauDTF1::fillDecay(const DecayTreeFitter::Fitter&, const string&, B2KtautauDTF1::TupleMap&) const’, declared here
  202 |   StatusCode fillDecay(const DecayTreeFitter::Fitter& fitter,
      |              ^~~~~~~~~
In file included from /cvmfs/lhcb.cern.ch/lib/lhcb/GAUDI/GAUDI_v34r1/InstallArea/x86_64-centos7-gcc9-opt/include/GaudiKernel/IInterface.h:16,
                 from /cvmfs/lhcb.cern.ch/lib/lhcb/GAUDI/GAUDI_v34r1/InstallArea/x86_64-centos7-gcc9-opt/include/GaudiKernel/IMessageSvc.h:15,
                 from /cvmfs/lhcb.cern.ch/lib/lhcb/GAUDI/GAUDI_v34r1/InstallArea/x86_64-centos7-gcc9-opt/include/GaudiKernel/MsgStream.h:15,
                 from /cvmfs/lhcb.cern.ch/lib/lhcb/GAUDI/GAUDI_v34r1/InstallArea/x86_64-centos7-gcc9-opt/include/GaudiKernel/GaudiException.h:16,
                 from /cvmfs/lhcb.cern.ch/lib/lhcb/GAUDI/GAUDI_v34r1/InstallArea/x86_64-centos7-gcc9-opt/include/GaudiKernel/CommonMessaging.h:20,
                 from /cvmfs/lhcb.cern.ch/lib/lhcb/GAUDI/GAUDI_v34r1/InstallArea/x86_64-centos7-gcc9-opt/include/GaudiKernel/AlgTool.h:15,
                 from /cvmfs/lhcb.cern.ch/lib/lhcb/GAUDI/GAUDI_v34r1/InstallArea/x86_64-centos7-gcc9-opt/include/GaudiAlg/GaudiTool.h:18,
                 from ../Phys/DecayTreeTuple/src/B2KtautauDTF1.h:88,
                 from ../Phys/DecayTreeTuple/src/B2KtautauDTF1.cpp:13:
/cvmfs/lhcb.cern.ch/lib/lhcb/GAUDI/GAUDI_v34r1/InstallArea/x86_64-centos7-gcc9-opt/include/GaudiKernel/StatusCode.h:65:5: note: ‘StatusCode’ declared here
   65 |     StatusCode final {
      |     ^~~~~~~~~~
../Phys/DecayTreeTuple/src/B2KtautauDTF1.cpp:487:38: warning: ignoring returned value of type ‘StatusCode’, declared with attribute nodiscard [-Wunused-result]
  487 |   fillMomentum(fitter,P,prefix,tMap );
      |                                      ^
In file included from ../Phys/DecayTreeTuple/src/B2KtautauDTF1.cpp:13:
../Phys/DecayTreeTuple/src/B2KtautauDTF1.h:213:14: note: in call to ‘StatusCode B2KtautauDTF1::fillMomentum(const DecayTreeFitter::Fitter&, const LHCb::Particle*, const string&, B2KtautauDTF1::TupleMap&) const’, declared here
  213 |   StatusCode fillMomentum(const DecayTreeFitter::Fitter& fitter,
      |              ^~~~~~~~~~~~
In file included from /cvmfs/lhcb.cern.ch/lib/lhcb/GAUDI/GAUDI_v34r1/InstallArea/x86_64-centos7-gcc9-opt/include/GaudiKernel/IInterface.h:16,
                 from /cvmfs/lhcb.cern.ch/lib/lhcb/GAUDI/GAUDI_v34r1/InstallArea/x86_64-centos7-gcc9-opt/include/GaudiKernel/IMessageSvc.h:15,
                 from /cvmfs/lhcb.cern.ch/lib/lhcb/GAUDI/GAUDI_v34r1/InstallArea/x86_64-centos7-gcc9-opt/include/GaudiKernel/MsgStream.h:15,
                 from /cvmfs/lhcb.cern.ch/lib/lhcb/GAUDI/GAUDI_v34r1/InstallArea/x86_64-centos7-gcc9-opt/include/GaudiKernel/GaudiException.h:16,
                 from /cvmfs/lhcb.cern.ch/lib/lhcb/GAUDI/GAUDI_v34r1/InstallArea/x86_64-centos7-gcc9-opt/include/GaudiKernel/CommonMessaging.h:20,
                 from /cvmfs/lhcb.cern.ch/lib/lhcb/GAUDI/GAUDI_v34r1/InstallArea/x86_64-centos7-gcc9-opt/include/GaudiKernel/AlgTool.h:15,
                 from /cvmfs/lhcb.cern.ch/lib/lhcb/GAUDI/GAUDI_v34r1/InstallArea/x86_64-centos7-gcc9-opt/include/GaudiAlg/GaudiTool.h:18,
                 from ../Phys/DecayTreeTuple/src/B2KtautauDTF1.h:88,
                 from ../Phys/DecayTreeTuple/src/B2KtautauDTF1.cpp:13:
/cvmfs/lhcb.cern.ch/lib/lhcb/GAUDI/GAUDI_v34r1/InstallArea/x86_64-centos7-gcc9-opt/include/GaudiKernel/StatusCode.h:65:5: note: ‘StatusCode’ declared here
   65 |     StatusCode final {
      |     ^~~~~~~~~~
../Phys/DecayTreeTuple/src/B2KtautauDTF1.cpp: In member function ‘StatusCode B2KtautauDTF1::fillChi2Iter(DecayTreeFitter::Fitter&, std::vector<float>, const string&, Tuples::Tuple&) const’:
../Phys/DecayTreeTuple/src/B2KtautauDTF1.cpp:525:65: warning: unused parameter ‘fitter’ [-Wunused-parameter]
  525 | StatusCode B2KtautauDTF1::fillChi2Iter(DecayTreeFitter::Fitter& fitter, std::vector<float> chisq_iters,
      |                                        ~~~~~~~~~~~~~~~~~~~~~~~~~^~~~~~
../Phys/DecayTreeTuple/src/B2KtautauDTF1.cpp: In member function ‘StatusCode B2KtautauDTF1::fillVtxIter(const DecayTreeFitter::Fitter&, const string&, Tuples::Tuple&, std::vector<ROOT::Math::PositionVector3D<ROOT::Math::Cartesian3D<double>, ROOT::Math::DefaultCoordinateSystemTag> >, std::vector<ROOT::Math::PositionVector3D<ROOT::Math::Cartesian3D<double>, ROOT::Math::DefaultCoordinateSystemTag> >, std::vector<ROOT::Math::PositionVector3D<ROOT::Math::Cartesian3D<double>, ROOT::Math::DefaultCoordinateSystemTag> >, std::vector<float>, std::vector<ROOT::Math::DisplacementVector3D<ROOT::Math::Cartesian3D<double> > >, std::vector<ROOT::Math::DisplacementVector3D<ROOT::Math::Cartesian3D<double> > >, std::vector<ROOT::Math::DisplacementVector3D<ROOT::Math::Cartesian3D<double> > >, std::vector<ROOT::Math::DisplacementVector3D<ROOT::Math::Cartesian3D<double> > >) const’:
../Phys/DecayTreeTuple/src/B2KtautauDTF1.cpp:560:70: warning: unused parameter ‘fitter’ [-Wunused-parameter]
  560 | StatusCode B2KtautauDTF1::fillVtxIter(const DecayTreeFitter::Fitter& fitter, const std::string& prefix,
      |                                       ~~~~~~~~~~~~~~~~~~~~~~~~~~~~~~~^~~~~~
../Phys/DecayTreeTuple/src/B2KtautauDTF1.cpp:563:64: warning: unused parameter ‘B_M’ [-Wunused-parameter]
  563 |                                             std::vector<float> B_M,
      |                                             ~~~~~~~~~~~~~~~~~~~^~~
../Phys/DecayTreeTuple/src/B2KtautauDTF1.cpp: In member function ‘StatusCode B2KtautauDTF1::fillDaughters(const DecayTreeFitter::Fitter&, const LHCb::Particle*, const string&, B2KtautauDTF1::TupleMap&) const’:
../Phys/DecayTreeTuple/src/B2KtautauDTF1.cpp:767:77: warning: ignoring returned value of type ‘StatusCode’, declared with attribute nodiscard [-Wunused-result]
  767 |     if ( renamed ) Info("Renaming duplicate to "+name,StatusCode::SUCCESS,1);
      |                                                                             ^
In file included from ../Phys/DecayTreeTuple/src/B2KtautauDTF1.h:88,
                 from ../Phys/DecayTreeTuple/src/B2KtautauDTF1.cpp:13:
/cvmfs/lhcb.cern.ch/lib/lhcb/GAUDI/GAUDI_v34r1/InstallArea/x86_64-centos7-gcc9-opt/include/GaudiAlg/GaudiTool.h:716:14: note: in call to ‘StatusCode GaudiTool::Info(const string&, StatusCode, size_t) const’, declared here
  716 |   StatusCode Info( const std::string& msg, const StatusCode st = StatusCode::SUCCESS, const size_t mx = 10 ) const {
      |              ^~~~
In file included from /cvmfs/lhcb.cern.ch/lib/lhcb/GAUDI/GAUDI_v34r1/InstallArea/x86_64-centos7-gcc9-opt/include/GaudiKernel/IInterface.h:16,
                 from /cvmfs/lhcb.cern.ch/lib/lhcb/GAUDI/GAUDI_v34r1/InstallArea/x86_64-centos7-gcc9-opt/include/GaudiKernel/IMessageSvc.h:15,
                 from /cvmfs/lhcb.cern.ch/lib/lhcb/GAUDI/GAUDI_v34r1/InstallArea/x86_64-centos7-gcc9-opt/include/GaudiKernel/MsgStream.h:15,
                 from /cvmfs/lhcb.cern.ch/lib/lhcb/GAUDI/GAUDI_v34r1/InstallArea/x86_64-centos7-gcc9-opt/include/GaudiKernel/GaudiException.h:16,
                 from /cvmfs/lhcb.cern.ch/lib/lhcb/GAUDI/GAUDI_v34r1/InstallArea/x86_64-centos7-gcc9-opt/include/GaudiKernel/CommonMessaging.h:20,
                 from /cvmfs/lhcb.cern.ch/lib/lhcb/GAUDI/GAUDI_v34r1/InstallArea/x86_64-centos7-gcc9-opt/include/GaudiKernel/AlgTool.h:15,
                 from /cvmfs/lhcb.cern.ch/lib/lhcb/GAUDI/GAUDI_v34r1/InstallArea/x86_64-centos7-gcc9-opt/include/GaudiAlg/GaudiTool.h:18,
                 from ../Phys/DecayTreeTuple/src/B2KtautauDTF1.h:88,
                 from ../Phys/DecayTreeTuple/src/B2KtautauDTF1.cpp:13:
/cvmfs/lhcb.cern.ch/lib/lhcb/GAUDI/GAUDI_v34r1/InstallArea/x86_64-centos7-gcc9-opt/include/GaudiKernel/StatusCode.h:65:5: note: ‘StatusCode’ declared here
   65 |     StatusCode final {
      |     ^~~~~~~~~~
../Phys/DecayTreeTuple/src/B2KtautauDTF1.cpp:771:74: warning: ignoring returned value of type ‘StatusCode’, declared with attribute nodiscard [-Wunused-result]
  771 |     if ( m_useFullTreeInName ) { fillDaughters(fitter,particle,name,tMap); }
      |                                                                          ^
../Phys/DecayTreeTuple/src/B2KtautauDTF1.cpp:735:12: note: in call to ‘StatusCode B2KtautauDTF1::fillDaughters(const DecayTreeFitter::Fitter&, const LHCb::Particle*, const string&, B2KtautauDTF1::TupleMap&) const’, declared here
  735 | StatusCode B2KtautauDTF1::fillDaughters(const DecayTreeFitter::Fitter& fitter, const LHCb::Particle* P,
      |            ^~~~~~~~~~~~~
In file included from /cvmfs/lhcb.cern.ch/lib/lhcb/GAUDI/GAUDI_v34r1/InstallArea/x86_64-centos7-gcc9-opt/include/GaudiKernel/IInterface.h:16,
                 from /cvmfs/lhcb.cern.ch/lib/lhcb/GAUDI/GAUDI_v34r1/InstallArea/x86_64-centos7-gcc9-opt/include/GaudiKernel/IMessageSvc.h:15,
                 from /cvmfs/lhcb.cern.ch/lib/lhcb/GAUDI/GAUDI_v34r1/InstallArea/x86_64-centos7-gcc9-opt/include/GaudiKernel/MsgStream.h:15,
                 from /cvmfs/lhcb.cern.ch/lib/lhcb/GAUDI/GAUDI_v34r1/InstallArea/x86_64-centos7-gcc9-opt/include/GaudiKernel/GaudiException.h:16,
                 from /cvmfs/lhcb.cern.ch/lib/lhcb/GAUDI/GAUDI_v34r1/InstallArea/x86_64-centos7-gcc9-opt/include/GaudiKernel/CommonMessaging.h:20,
                 from /cvmfs/lhcb.cern.ch/lib/lhcb/GAUDI/GAUDI_v34r1/InstallArea/x86_64-centos7-gcc9-opt/include/GaudiKernel/AlgTool.h:15,
                 from /cvmfs/lhcb.cern.ch/lib/lhcb/GAUDI/GAUDI_v34r1/InstallArea/x86_64-centos7-gcc9-opt/include/GaudiAlg/GaudiTool.h:18,
                 from ../Phys/DecayTreeTuple/src/B2KtautauDTF1.h:88,
                 from ../Phys/DecayTreeTuple/src/B2KtautauDTF1.cpp:13:
/cvmfs/lhcb.cern.ch/lib/lhcb/GAUDI/GAUDI_v34r1/InstallArea/x86_64-centos7-gcc9-opt/include/GaudiKernel/StatusCode.h:65:5: note: ‘StatusCode’ declared here
   65 |     StatusCode final {
      |     ^~~~~~~~~~
../Phys/DecayTreeTuple/src/B2KtautauDTF1.cpp: In member function ‘StatusCode B2KtautauDTF1::fillStableDaughters(const DecayTreeFitter::Fitter&, const LHCb::Particle*, const string&, B2KtautauDTF1::TupleMap&) const’:
../Phys/DecayTreeTuple/src/B2KtautauDTF1.cpp:807:79: warning: ignoring returned value of type ‘StatusCode’, declared with attribute nodiscard [-Wunused-result]
  807 |       if ( renamed ) Info("Renaming duplicate to "+name,StatusCode::SUCCESS,1);
      |                                                                               ^
In file included from ../Phys/DecayTreeTuple/src/B2KtautauDTF1.h:88,
                 from ../Phys/DecayTreeTuple/src/B2KtautauDTF1.cpp:13:
/cvmfs/lhcb.cern.ch/lib/lhcb/GAUDI/GAUDI_v34r1/InstallArea/x86_64-centos7-gcc9-opt/include/GaudiAlg/GaudiTool.h:716:14: note: in call to ‘StatusCode GaudiTool::Info(const string&, StatusCode, size_t) const’, declared here
  716 |   StatusCode Info( const std::string& msg, const StatusCode st = StatusCode::SUCCESS, const size_t mx = 10 ) const {
      |              ^~~~
In file included from /cvmfs/lhcb.cern.ch/lib/lhcb/GAUDI/GAUDI_v34r1/InstallArea/x86_64-centos7-gcc9-opt/include/GaudiKernel/IInterface.h:16,
                 from /cvmfs/lhcb.cern.ch/lib/lhcb/GAUDI/GAUDI_v34r1/InstallArea/x86_64-centos7-gcc9-opt/include/GaudiKernel/IMessageSvc.h:15,
                 from /cvmfs/lhcb.cern.ch/lib/lhcb/GAUDI/GAUDI_v34r1/InstallArea/x86_64-centos7-gcc9-opt/include/GaudiKernel/MsgStream.h:15,
                 from /cvmfs/lhcb.cern.ch/lib/lhcb/GAUDI/GAUDI_v34r1/InstallArea/x86_64-centos7-gcc9-opt/include/GaudiKernel/GaudiException.h:16,
                 from /cvmfs/lhcb.cern.ch/lib/lhcb/GAUDI/GAUDI_v34r1/InstallArea/x86_64-centos7-gcc9-opt/include/GaudiKernel/CommonMessaging.h:20,
                 from /cvmfs/lhcb.cern.ch/lib/lhcb/GAUDI/GAUDI_v34r1/InstallArea/x86_64-centos7-gcc9-opt/include/GaudiKernel/AlgTool.h:15,
                 from /cvmfs/lhcb.cern.ch/lib/lhcb/GAUDI/GAUDI_v34r1/InstallArea/x86_64-centos7-gcc9-opt/include/GaudiAlg/GaudiTool.h:18,
                 from ../Phys/DecayTreeTuple/src/B2KtautauDTF1.h:88,
                 from ../Phys/DecayTreeTuple/src/B2KtautauDTF1.cpp:13:
/cvmfs/lhcb.cern.ch/lib/lhcb/GAUDI/GAUDI_v34r1/InstallArea/x86_64-centos7-gcc9-opt/include/GaudiKernel/StatusCode.h:65:5: note: ‘StatusCode’ declared here
   65 |     StatusCode final {
      |     ^~~~~~~~~~
../Phys/DecayTreeTuple/src/B2KtautauDTF1.cpp:829:79: warning: ignoring returned value of type ‘StatusCode’, declared with attribute nodiscard [-Wunused-result]
  829 |       if ( renamed ) Info("Renaming duplicate to "+name,StatusCode::SUCCESS,1);
      |                                                                               ^
In file included from ../Phys/DecayTreeTuple/src/B2KtautauDTF1.h:88,
                 from ../Phys/DecayTreeTuple/src/B2KtautauDTF1.cpp:13:
/cvmfs/lhcb.cern.ch/lib/lhcb/GAUDI/GAUDI_v34r1/InstallArea/x86_64-centos7-gcc9-opt/include/GaudiAlg/GaudiTool.h:716:14: note: in call to ‘StatusCode GaudiTool::Info(const string&, StatusCode, size_t) const’, declared here
  716 |   StatusCode Info( const std::string& msg, const StatusCode st = StatusCode::SUCCESS, const size_t mx = 10 ) const {
      |              ^~~~
In file included from /cvmfs/lhcb.cern.ch/lib/lhcb/GAUDI/GAUDI_v34r1/InstallArea/x86_64-centos7-gcc9-opt/include/GaudiKernel/IInterface.h:16,
                 from /cvmfs/lhcb.cern.ch/lib/lhcb/GAUDI/GAUDI_v34r1/InstallArea/x86_64-centos7-gcc9-opt/include/GaudiKernel/IMessageSvc.h:15,
                 from /cvmfs/lhcb.cern.ch/lib/lhcb/GAUDI/GAUDI_v34r1/InstallArea/x86_64-centos7-gcc9-opt/include/GaudiKernel/MsgStream.h:15,
                 from /cvmfs/lhcb.cern.ch/lib/lhcb/GAUDI/GAUDI_v34r1/InstallArea/x86_64-centos7-gcc9-opt/include/GaudiKernel/GaudiException.h:16,
                 from /cvmfs/lhcb.cern.ch/lib/lhcb/GAUDI/GAUDI_v34r1/InstallArea/x86_64-centos7-gcc9-opt/include/GaudiKernel/CommonMessaging.h:20,
                 from /cvmfs/lhcb.cern.ch/lib/lhcb/GAUDI/GAUDI_v34r1/InstallArea/x86_64-centos7-gcc9-opt/include/GaudiKernel/AlgTool.h:15,
                 from /cvmfs/lhcb.cern.ch/lib/lhcb/GAUDI/GAUDI_v34r1/InstallArea/x86_64-centos7-gcc9-opt/include/GaudiAlg/GaudiTool.h:18,
                 from ../Phys/DecayTreeTuple/src/B2KtautauDTF1.h:88,
                 from ../Phys/DecayTreeTuple/src/B2KtautauDTF1.cpp:13:
/cvmfs/lhcb.cern.ch/lib/lhcb/GAUDI/GAUDI_v34r1/InstallArea/x86_64-centos7-gcc9-opt/include/GaudiKernel/StatusCode.h:65:5: note: ‘StatusCode’ declared here
   65 |     StatusCode final {
      |     ^~~~~~~~~~
../Phys/DecayTreeTuple/src/B2KtautauDTF1.cpp: In member function ‘bool B2KtautauDTF1::samePV(const LHCb::VertexBase*, const LHCb::VertexBase*) const’:
../Phys/DecayTreeTuple/src/B2KtautauDTF1.cpp:952:35: warning: ignoring returned value of type ‘StatusCode’, declared with attribute nodiscard [-Wunused-result]
  952 |             StatusCode::SUCCESS,1);
      |                                   ^
In file included from ../Phys/DecayTreeTuple/src/B2KtautauDTF1.h:88,
                 from ../Phys/DecayTreeTuple/src/B2KtautauDTF1.cpp:13:
/cvmfs/lhcb.cern.ch/lib/lhcb/GAUDI/GAUDI_v34r1/InstallArea/x86_64-centos7-gcc9-opt/include/GaudiAlg/GaudiTool.h:698:14: note: in call to ‘StatusCode GaudiTool::Warning(const string&, StatusCode, size_t) const’, declared here
  698 |   StatusCode Warning( const std::string& msg, const StatusCode st = StatusCode::FAILURE, const size_t mx = 10 ) const {
      |              ^~~~~~~
In file included from /cvmfs/lhcb.cern.ch/lib/lhcb/GAUDI/GAUDI_v34r1/InstallArea/x86_64-centos7-gcc9-opt/include/GaudiKernel/IInterface.h:16,
                 from /cvmfs/lhcb.cern.ch/lib/lhcb/GAUDI/GAUDI_v34r1/InstallArea/x86_64-centos7-gcc9-opt/include/GaudiKernel/IMessageSvc.h:15,
                 from /cvmfs/lhcb.cern.ch/lib/lhcb/GAUDI/GAUDI_v34r1/InstallArea/x86_64-centos7-gcc9-opt/include/GaudiKernel/MsgStream.h:15,
                 from /cvmfs/lhcb.cern.ch/lib/lhcb/GAUDI/GAUDI_v34r1/InstallArea/x86_64-centos7-gcc9-opt/include/GaudiKernel/GaudiException.h:16,
                 from /cvmfs/lhcb.cern.ch/lib/lhcb/GAUDI/GAUDI_v34r1/InstallArea/x86_64-centos7-gcc9-opt/include/GaudiKernel/CommonMessaging.h:20,
                 from /cvmfs/lhcb.cern.ch/lib/lhcb/GAUDI/GAUDI_v34r1/InstallArea/x86_64-centos7-gcc9-opt/include/GaudiKernel/AlgTool.h:15,
                 from /cvmfs/lhcb.cern.ch/lib/lhcb/GAUDI/GAUDI_v34r1/InstallArea/x86_64-centos7-gcc9-opt/include/GaudiAlg/GaudiTool.h:18,
                 from ../Phys/DecayTreeTuple/src/B2KtautauDTF1.h:88,
                 from ../Phys/DecayTreeTuple/src/B2KtautauDTF1.cpp:13:
/cvmfs/lhcb.cern.ch/lib/lhcb/GAUDI/GAUDI_v34r1/InstallArea/x86_64-centos7-gcc9-opt/include/GaudiKernel/StatusCode.h:65:5: note: ‘StatusCode’ declared here
   65 |     StatusCode final {
      |     ^~~~~~~~~~
../Phys/DecayTreeTuple/src/B2KtautauDTF1.cpp:959:35: warning: ignoring returned value of type ‘StatusCode’, declared with attribute nodiscard [-Wunused-result]
  959 |             StatusCode::SUCCESS,1);
      |                                   ^
In file included from ../Phys/DecayTreeTuple/src/B2KtautauDTF1.h:88,
                 from ../Phys/DecayTreeTuple/src/B2KtautauDTF1.cpp:13:
/cvmfs/lhcb.cern.ch/lib/lhcb/GAUDI/GAUDI_v34r1/InstallArea/x86_64-centos7-gcc9-opt/include/GaudiAlg/GaudiTool.h:698:14: note: in call to ‘StatusCode GaudiTool::Warning(const string&, StatusCode, size_t) const’, declared here
  698 |   StatusCode Warning( const std::string& msg, const StatusCode st = StatusCode::FAILURE, const size_t mx = 10 ) const {
      |              ^~~~~~~
In file included from /cvmfs/lhcb.cern.ch/lib/lhcb/GAUDI/GAUDI_v34r1/InstallArea/x86_64-centos7-gcc9-opt/include/GaudiKernel/IInterface.h:16,
                 from /cvmfs/lhcb.cern.ch/lib/lhcb/GAUDI/GAUDI_v34r1/InstallArea/x86_64-centos7-gcc9-opt/include/GaudiKernel/IMessageSvc.h:15,
                 from /cvmfs/lhcb.cern.ch/lib/lhcb/GAUDI/GAUDI_v34r1/InstallArea/x86_64-centos7-gcc9-opt/include/GaudiKernel/MsgStream.h:15,
                 from /cvmfs/lhcb.cern.ch/lib/lhcb/GAUDI/GAUDI_v34r1/InstallArea/x86_64-centos7-gcc9-opt/include/GaudiKernel/GaudiException.h:16,
                 from /cvmfs/lhcb.cern.ch/lib/lhcb/GAUDI/GAUDI_v34r1/InstallArea/x86_64-centos7-gcc9-opt/include/GaudiKernel/CommonMessaging.h:20,
                 from /cvmfs/lhcb.cern.ch/lib/lhcb/GAUDI/GAUDI_v34r1/InstallArea/x86_64-centos7-gcc9-opt/include/GaudiKernel/AlgTool.h:15,
                 from /cvmfs/lhcb.cern.ch/lib/lhcb/GAUDI/GAUDI_v34r1/InstallArea/x86_64-centos7-gcc9-opt/include/GaudiAlg/GaudiTool.h:18,
                 from ../Phys/DecayTreeTuple/src/B2KtautauDTF1.h:88,
                 from ../Phys/DecayTreeTuple/src/B2KtautauDTF1.cpp:13:
/cvmfs/lhcb.cern.ch/lib/lhcb/GAUDI/GAUDI_v34r1/InstallArea/x86_64-centos7-gcc9-opt/include/GaudiKernel/StatusCode.h:65:5: note: ‘StatusCode’ declared here
   65 |     StatusCode final {
      |     ^~~~~~~~~~
[2/7] Linking CXX shared module lib/libDecayTreeTuple.so
[3/7] Generating DecayTreeTuple.components
[4/7] Generating genConf/DecayTreeTuple/DecayTreeTupleConf.py, genConf/DecayTreeTuple/__init__.py, genConf/DecayTreeTuple/DecayTreeTuple.confdb, genConf/DecayTreeTuple/DecayTreeTuple.confdb2_part
[5/7] Generating lib/DaVinciDev.components
[6/7] Generating lib/DaVinciDev.confdb
[7/7] Generating lib/DaVinciDev.confdb2
