cmake --build /home/felician/B2Ktautau/DaVinciDev/build.x86_64-centos7-gcc9-opt --target all -- 
[1/7] Building CXX object Phys/DecayTreeTuple/CMakeFiles/DecayTreeTuple.dir/src/TupleToolKTauTauDTF_MLP.cpp.o
In file included from ../Phys/DecayTreeTuple/src/TupleToolKTauTauDTF_MLP.h:127,
                 from ../Phys/DecayTreeTuple/src/TupleToolKTauTauDTF_MLP.cpp:13:
/cvmfs/lhcb.cern.ch/lib/lcg/releases/LCG_97a/clhep/2.4.1.3/x86_64-centos7-gcc9-opt/include/CLHEP/Matrix/Matrix.h:236:16: warning: ‘virtual int CLHEP::HepMatrix::num_row() const’ can be marked override [-Wsuggest-override]
  236 |    virtual int num_row() const;
      |                ^~~~~~~
/cvmfs/lhcb.cern.ch/lib/lcg/releases/LCG_97a/clhep/2.4.1.3/x86_64-centos7-gcc9-opt/include/CLHEP/Matrix/Matrix.h:239:16: warning: ‘virtual int CLHEP::HepMatrix::num_col() const’ can be marked override [-Wsuggest-override]
  239 |    virtual int num_col() const;
      |                ^~~~~~~
/cvmfs/lhcb.cern.ch/lib/lcg/releases/LCG_97a/clhep/2.4.1.3/x86_64-centos7-gcc9-opt/include/CLHEP/Matrix/Matrix.h:242:27: warning: ‘virtual const double& CLHEP::HepMatrix::operator()(int, int) const’ can be marked override [-Wsuggest-override]
  242 |    virtual const double & operator()(int row, int col) const;
      |                           ^~~~~~~~
/cvmfs/lhcb.cern.ch/lib/lcg/releases/LCG_97a/clhep/2.4.1.3/x86_64-centos7-gcc9-opt/include/CLHEP/Matrix/Matrix.h:243:21: warning: ‘virtual double& CLHEP::HepMatrix::operator()(int, int)’ can be marked override [-Wsuggest-override]
  243 |    virtual double & operator()(int row, int col);
      |                     ^~~~~~~~
/cvmfs/lhcb.cern.ch/lib/lcg/releases/LCG_97a/clhep/2.4.1.3/x86_64-centos7-gcc9-opt/include/CLHEP/Matrix/Matrix.h:294:17: warning: ‘virtual void CLHEP::HepMatrix::invert(int&)’ can be marked override [-Wsuggest-override]
  294 |    virtual void invert(int& ierr);
      |                 ^~~~~~
/cvmfs/lhcb.cern.ch/lib/lcg/releases/LCG_97a/clhep/2.4.1.3/x86_64-centos7-gcc9-opt/include/CLHEP/Matrix/Matrix.h:339:17: warning: ‘virtual int CLHEP::HepMatrix::num_size() const’ can be marked override [-Wsuggest-override]
  339 |    virtual  int num_size() const;
      |                 ^~~~~~~~
In file included from ../Phys/DecayTreeTuple/src/TupleToolKTauTauDTF_MLP.h:128,
                 from ../Phys/DecayTreeTuple/src/TupleToolKTauTauDTF_MLP.cpp:13:
/cvmfs/lhcb.cern.ch/lib/lcg/releases/LCG_97a/clhep/2.4.1.3/x86_64-centos7-gcc9-opt/include/CLHEP/Matrix/SymMatrix.h:113:15: warning: ‘virtual int CLHEP::HepSymMatrix::num_row() const’ can be marked override [-Wsuggest-override]
  113 |    inline int num_row() const;
      |               ^~~~~~~
/cvmfs/lhcb.cern.ch/lib/lcg/releases/LCG_97a/clhep/2.4.1.3/x86_64-centos7-gcc9-opt/include/CLHEP/Matrix/SymMatrix.h:114:15: warning: ‘virtual int CLHEP::HepSymMatrix::num_col() const’ can be marked override [-Wsuggest-override]
  114 |    inline int num_col() const;
      |               ^~~~~~~
/cvmfs/lhcb.cern.ch/lib/lcg/releases/LCG_97a/clhep/2.4.1.3/x86_64-centos7-gcc9-opt/include/CLHEP/Matrix/SymMatrix.h:117:19: warning: ‘virtual const double& CLHEP::HepSymMatrix::operator()(int, int) const’ can be marked override [-Wsuggest-override]
  117 |    const double & operator()(int row, int col) const;
      |                   ^~~~~~~~
/cvmfs/lhcb.cern.ch/lib/lcg/releases/LCG_97a/clhep/2.4.1.3/x86_64-centos7-gcc9-opt/include/CLHEP/Matrix/SymMatrix.h:118:13: warning: ‘virtual double& CLHEP::HepSymMatrix::operator()(int, int)’ can be marked override [-Wsuggest-override]
  118 |    double & operator()(int row, int col);
      |             ^~~~~~~~
/cvmfs/lhcb.cern.ch/lib/lcg/releases/LCG_97a/clhep/2.4.1.3/x86_64-centos7-gcc9-opt/include/CLHEP/Matrix/SymMatrix.h:182:9: warning: ‘virtual void CLHEP::HepSymMatrix::invert(int&)’ can be marked override [-Wsuggest-override]
  182 |    void invert(int &ifail);
      |         ^~~~~~
/cvmfs/lhcb.cern.ch/lib/lcg/releases/LCG_97a/clhep/2.4.1.3/x86_64-centos7-gcc9-opt/include/CLHEP/Matrix/SymMatrix.h:239:15: warning: ‘virtual int CLHEP::HepSymMatrix::num_size() const’ can be marked override [-Wsuggest-override]
  239 |    inline int num_size() const;
      |               ^~~~~~~~
In file included from ../Phys/DecayTreeTuple/src/TupleToolKTauTauDTF_MLP.h:129,
                 from ../Phys/DecayTreeTuple/src/TupleToolKTauTauDTF_MLP.cpp:13:
/cvmfs/lhcb.cern.ch/lib/lcg/releases/LCG_97a/clhep/2.4.1.3/x86_64-centos7-gcc9-opt/include/CLHEP/Matrix/Vector.h:69:27: warning: ‘virtual const double& CLHEP::HepVector::operator()(int, int) const’ can be marked override [-Wsuggest-override]
   69 |    virtual const double & operator()(int row, int col) const;
      |                           ^~~~~~~~
/cvmfs/lhcb.cern.ch/lib/lcg/releases/LCG_97a/clhep/2.4.1.3/x86_64-centos7-gcc9-opt/include/CLHEP/Matrix/Vector.h:70:21: warning: ‘virtual double& CLHEP::HepVector::operator()(int, int)’ can be marked override [-Wsuggest-override]
   70 |    virtual double & operator()(int row, int col);
      |                     ^~~~~~~~
/cvmfs/lhcb.cern.ch/lib/lcg/releases/LCG_97a/clhep/2.4.1.3/x86_64-centos7-gcc9-opt/include/CLHEP/Matrix/Vector.h:115:16: warning: ‘virtual int CLHEP::HepVector::num_row() const’ can be marked override [-Wsuggest-override]
  115 |    virtual int num_row() const;
      |                ^~~~~~~
/cvmfs/lhcb.cern.ch/lib/lcg/releases/LCG_97a/clhep/2.4.1.3/x86_64-centos7-gcc9-opt/include/CLHEP/Matrix/Vector.h:118:16: warning: ‘virtual int CLHEP::HepVector::num_col() const’ can be marked override [-Wsuggest-override]
  118 |    virtual int num_col() const;
      |                ^~~~~~~
/cvmfs/lhcb.cern.ch/lib/lcg/releases/LCG_97a/clhep/2.4.1.3/x86_64-centos7-gcc9-opt/include/CLHEP/Matrix/Vector.h:130:16: warning: ‘virtual int CLHEP::HepVector::num_size() const’ can be marked override [-Wsuggest-override]
  130 |    virtual int num_size() const;
      |                ^~~~~~~~
/cvmfs/lhcb.cern.ch/lib/lcg/releases/LCG_97a/clhep/2.4.1.3/x86_64-centos7-gcc9-opt/include/CLHEP/Matrix/Vector.h:133:17: warning: ‘virtual void CLHEP::HepVector::invert(int&)’ can be marked override [-Wsuggest-override]
  133 |    virtual void invert(int&);
      |                 ^~~~~~
../Phys/DecayTreeTuple/src/TupleToolKTauTauDTF_MLP.cpp: In member function ‘virtual StatusCode TupleToolKTauTauDTF_MLP::fill(const LHCb::Particle*, const LHCb::Particle*, const string&, Tuples::Tuple&)’:
../Phys/DecayTreeTuple/src/TupleToolKTauTauDTF_MLP.cpp:204:69: warning: ignoring returned value of type ‘StatusCode’, declared with attribute nodiscard [-Wunused-result]
  204 |   vtxFitter_taup->fit(taup_daus, taup_refittedVertex, taup_refitted);
      |                                                                     ^
In file included from /cvmfs/lhcb.cern.ch/lib/lhcb/GAUDI/GAUDI_v34r1/InstallArea/x86_64-centos7-gcc9-opt/include/GaudiKernel/IInterface.h:16,
                 from /cvmfs/lhcb.cern.ch/lib/lhcb/GAUDI/GAUDI_v34r1/InstallArea/x86_64-centos7-gcc9-opt/include/GaudiKernel/IMessageSvc.h:15,
                 from /cvmfs/lhcb.cern.ch/lib/lhcb/GAUDI/GAUDI_v34r1/InstallArea/x86_64-centos7-gcc9-opt/include/GaudiKernel/MsgStream.h:15,
                 from /cvmfs/lhcb.cern.ch/lib/lhcb/GAUDI/GAUDI_v34r1/InstallArea/x86_64-centos7-gcc9-opt/include/GaudiKernel/GaudiException.h:16,
                 from /cvmfs/lhcb.cern.ch/lib/lhcb/GAUDI/GAUDI_v34r1/InstallArea/x86_64-centos7-gcc9-opt/include/GaudiKernel/CommonMessaging.h:20,
                 from /cvmfs/lhcb.cern.ch/lib/lhcb/GAUDI/GAUDI_v34r1/InstallArea/x86_64-centos7-gcc9-opt/include/GaudiKernel/AlgTool.h:15,
                 from /cvmfs/lhcb.cern.ch/lib/lhcb/GAUDI/GAUDI_v34r1/InstallArea/x86_64-centos7-gcc9-opt/include/GaudiAlg/GaudiTool.h:18,
                 from ../Phys/DecayTreeTuple/src/TupleToolKTauTauDTF_MLP.h:88,
                 from ../Phys/DecayTreeTuple/src/TupleToolKTauTauDTF_MLP.cpp:13:
/cvmfs/lhcb.cern.ch/lib/lhcb/GAUDI/GAUDI_v34r1/InstallArea/x86_64-centos7-gcc9-opt/include/GaudiKernel/StatusCode.h:65:5: note: ‘StatusCode’ declared here
   65 |     StatusCode final {
      |     ^~~~~~~~~~
../Phys/DecayTreeTuple/src/TupleToolKTauTauDTF_MLP.cpp:212:69: warning: ignoring returned value of type ‘StatusCode’, declared with attribute nodiscard [-Wunused-result]
  212 |   vtxFitter_taum->fit(taum_daus, taum_refittedVertex, taum_refitted);
      |                                                                     ^
In file included from /cvmfs/lhcb.cern.ch/lib/lhcb/GAUDI/GAUDI_v34r1/InstallArea/x86_64-centos7-gcc9-opt/include/GaudiKernel/IInterface.h:16,
                 from /cvmfs/lhcb.cern.ch/lib/lhcb/GAUDI/GAUDI_v34r1/InstallArea/x86_64-centos7-gcc9-opt/include/GaudiKernel/IMessageSvc.h:15,
                 from /cvmfs/lhcb.cern.ch/lib/lhcb/GAUDI/GAUDI_v34r1/InstallArea/x86_64-centos7-gcc9-opt/include/GaudiKernel/MsgStream.h:15,
                 from /cvmfs/lhcb.cern.ch/lib/lhcb/GAUDI/GAUDI_v34r1/InstallArea/x86_64-centos7-gcc9-opt/include/GaudiKernel/GaudiException.h:16,
                 from /cvmfs/lhcb.cern.ch/lib/lhcb/GAUDI/GAUDI_v34r1/InstallArea/x86_64-centos7-gcc9-opt/include/GaudiKernel/CommonMessaging.h:20,
                 from /cvmfs/lhcb.cern.ch/lib/lhcb/GAUDI/GAUDI_v34r1/InstallArea/x86_64-centos7-gcc9-opt/include/GaudiKernel/AlgTool.h:15,
                 from /cvmfs/lhcb.cern.ch/lib/lhcb/GAUDI/GAUDI_v34r1/InstallArea/x86_64-centos7-gcc9-opt/include/GaudiAlg/GaudiTool.h:18,
                 from ../Phys/DecayTreeTuple/src/TupleToolKTauTauDTF_MLP.h:88,
                 from ../Phys/DecayTreeTuple/src/TupleToolKTauTauDTF_MLP.cpp:13:
/cvmfs/lhcb.cern.ch/lib/lhcb/GAUDI/GAUDI_v34r1/InstallArea/x86_64-centos7-gcc9-opt/include/GaudiKernel/StatusCode.h:65:5: note: ‘StatusCode’ declared here
   65 |     StatusCode final {
      |     ^~~~~~~~~~
../Phys/DecayTreeTuple/src/TupleToolKTauTauDTF_MLP.cpp:290:11: warning: ISO C++ forbids variable length array ‘MLP_m_vars’ [-Wvla]
  290 |   Float_t MLP_m_vars[dimM];
      |           ^~~~~~~~~~
../Phys/DecayTreeTuple/src/TupleToolKTauTauDTF_MLP.cpp:187:8: warning: variable ‘Kp_flag’ set but not used [-Wunused-but-set-variable]
  187 |   bool Kp_flag = true;
      |        ^~~~~~~
../Phys/DecayTreeTuple/src/TupleToolKTauTauDTF_MLP.cpp:493:12: warning: unused variable ‘MB_squared’ [-Wunused-variable]
  493 |   Double_t MB_squared = pow(EB,2) - pB.Mag2();
      |            ^~~~~~~~~~
../Phys/DecayTreeTuple/src/TupleToolKTauTauDTF_MLP.cpp: In member function ‘StatusCode TupleToolKTauTauDTF_MLP::fit(DecayTreeFitter::Fitter&, const LHCb::Particle*, const LHCb::VertexBase*, const string&, TupleToolKTauTauDTF_MLP::TupleMap&, Tuples::Tuple&, bool) const’:
../Phys/DecayTreeTuple/src/TupleToolKTauTauDTF_MLP.cpp:598:57: warning: ignoring returned value of type ‘StatusCode’, declared with attribute nodiscard [-Wunused-result]
  598 |         fillChi2Iter(fitter, chisq_iters, prefix, tuple); //made by AV
      |                                                         ^
In file included from ../Phys/DecayTreeTuple/src/TupleToolKTauTauDTF_MLP.cpp:13:
../Phys/DecayTreeTuple/src/TupleToolKTauTauDTF_MLP.h:201:14: note: in call to ‘StatusCode TupleToolKTauTauDTF_MLP::fillChi2Iter(DecayTreeFitter::Fitter&, std::vector<float>, const string&, Tuples::Tuple&) const’, declared here
  201 |   StatusCode fillChi2Iter(DecayTreeFitter::Fitter& fitter,
      |              ^~~~~~~~~~~~
In file included from /cvmfs/lhcb.cern.ch/lib/lhcb/GAUDI/GAUDI_v34r1/InstallArea/x86_64-centos7-gcc9-opt/include/GaudiKernel/IInterface.h:16,
                 from /cvmfs/lhcb.cern.ch/lib/lhcb/GAUDI/GAUDI_v34r1/InstallArea/x86_64-centos7-gcc9-opt/include/GaudiKernel/IMessageSvc.h:15,
                 from /cvmfs/lhcb.cern.ch/lib/lhcb/GAUDI/GAUDI_v34r1/InstallArea/x86_64-centos7-gcc9-opt/include/GaudiKernel/MsgStream.h:15,
                 from /cvmfs/lhcb.cern.ch/lib/lhcb/GAUDI/GAUDI_v34r1/InstallArea/x86_64-centos7-gcc9-opt/include/GaudiKernel/GaudiException.h:16,
                 from /cvmfs/lhcb.cern.ch/lib/lhcb/GAUDI/GAUDI_v34r1/InstallArea/x86_64-centos7-gcc9-opt/include/GaudiKernel/CommonMessaging.h:20,
                 from /cvmfs/lhcb.cern.ch/lib/lhcb/GAUDI/GAUDI_v34r1/InstallArea/x86_64-centos7-gcc9-opt/include/GaudiKernel/AlgTool.h:15,
                 from /cvmfs/lhcb.cern.ch/lib/lhcb/GAUDI/GAUDI_v34r1/InstallArea/x86_64-centos7-gcc9-opt/include/GaudiAlg/GaudiTool.h:18,
                 from ../Phys/DecayTreeTuple/src/TupleToolKTauTauDTF_MLP.h:88,
                 from ../Phys/DecayTreeTuple/src/TupleToolKTauTauDTF_MLP.cpp:13:
/cvmfs/lhcb.cern.ch/lib/lhcb/GAUDI/GAUDI_v34r1/InstallArea/x86_64-centos7-gcc9-opt/include/GaudiKernel/StatusCode.h:65:5: note: ‘StatusCode’ declared here
   65 |     StatusCode final {
      |     ^~~~~~~~~~
../Phys/DecayTreeTuple/src/TupleToolKTauTauDTF_MLP.cpp:603:36: warning: ignoring returned value of type ‘StatusCode’, declared with attribute nodiscard [-Wunused-result]
  603 |                     p_taup, p_taum); //made by AV
      |                                    ^
In file included from ../Phys/DecayTreeTuple/src/TupleToolKTauTauDTF_MLP.cpp:13:
../Phys/DecayTreeTuple/src/TupleToolKTauTauDTF_MLP.h:191:14: note: in call to ‘StatusCode TupleToolKTauTauDTF_MLP::fillVtxIter(const DecayTreeFitter::Fitter&, const string&, Tuples::Tuple&, std::vector<ROOT::Math::PositionVector3D<ROOT::Math::Cartesian3D<double>, ROOT::Math::DefaultCoordinateSystemTag> >, std::vector<ROOT::Math::PositionVector3D<ROOT::Math::Cartesian3D<double>, ROOT::Math::DefaultCoordinateSystemTag> >, std::vector<ROOT::Math::PositionVector3D<ROOT::Math::Cartesian3D<double>, ROOT::Math::DefaultCoordinateSystemTag> >, std::vector<float>, std::vector<ROOT::Math::DisplacementVector3D<ROOT::Math::Cartesian3D<double> > >, std::vector<ROOT::Math::DisplacementVector3D<ROOT::Math::Cartesian3D<double> > >, std::vector<ROOT::Math::DisplacementVector3D<ROOT::Math::Cartesian3D<double> > >, std::vector<ROOT::Math::DisplacementVector3D<ROOT::Math::Cartesian3D<double> > >) const’, declared here
  191 |   StatusCode fillVtxIter(const DecayTreeFitter::Fitter& fitter,
      |              ^~~~~~~~~~~
In file included from /cvmfs/lhcb.cern.ch/lib/lhcb/GAUDI/GAUDI_v34r1/InstallArea/x86_64-centos7-gcc9-opt/include/GaudiKernel/IInterface.h:16,
                 from /cvmfs/lhcb.cern.ch/lib/lhcb/GAUDI/GAUDI_v34r1/InstallArea/x86_64-centos7-gcc9-opt/include/GaudiKernel/IMessageSvc.h:15,
                 from /cvmfs/lhcb.cern.ch/lib/lhcb/GAUDI/GAUDI_v34r1/InstallArea/x86_64-centos7-gcc9-opt/include/GaudiKernel/MsgStream.h:15,
                 from /cvmfs/lhcb.cern.ch/lib/lhcb/GAUDI/GAUDI_v34r1/InstallArea/x86_64-centos7-gcc9-opt/include/GaudiKernel/GaudiException.h:16,
                 from /cvmfs/lhcb.cern.ch/lib/lhcb/GAUDI/GAUDI_v34r1/InstallArea/x86_64-centos7-gcc9-opt/include/GaudiKernel/CommonMessaging.h:20,
                 from /cvmfs/lhcb.cern.ch/lib/lhcb/GAUDI/GAUDI_v34r1/InstallArea/x86_64-centos7-gcc9-opt/include/GaudiKernel/AlgTool.h:15,
                 from /cvmfs/lhcb.cern.ch/lib/lhcb/GAUDI/GAUDI_v34r1/InstallArea/x86_64-centos7-gcc9-opt/include/GaudiAlg/GaudiTool.h:18,
                 from ../Phys/DecayTreeTuple/src/TupleToolKTauTauDTF_MLP.h:88,
                 from ../Phys/DecayTreeTuple/src/TupleToolKTauTauDTF_MLP.cpp:13:
/cvmfs/lhcb.cern.ch/lib/lhcb/GAUDI/GAUDI_v34r1/InstallArea/x86_64-centos7-gcc9-opt/include/GaudiKernel/StatusCode.h:65:5: note: ‘StatusCode’ declared here
   65 |     StatusCode final {
      |     ^~~~~~~~~~
../Phys/DecayTreeTuple/src/TupleToolKTauTauDTF_MLP.cpp:608:55: warning: ignoring returned value of type ‘StatusCode’, declared with attribute nodiscard [-Wunused-result]
  608 |     fillEndVtx(prefix+"_Bp", tMap, BV[fitter.nIter()]);
      |                                                       ^
In file included from ../Phys/DecayTreeTuple/src/TupleToolKTauTauDTF_MLP.cpp:13:
../Phys/DecayTreeTuple/src/TupleToolKTauTauDTF_MLP.h:207:14: note: in call to ‘StatusCode TupleToolKTauTauDTF_MLP::fillEndVtx(const string&, TupleToolKTauTauDTF_MLP::TupleMap&, Gaudi::XYZPoint) const’, declared here
  207 |   StatusCode fillEndVtx(const std::string& prefix,
      |              ^~~~~~~~~~
In file included from /cvmfs/lhcb.cern.ch/lib/lhcb/GAUDI/GAUDI_v34r1/InstallArea/x86_64-centos7-gcc9-opt/include/GaudiKernel/IInterface.h:16,
                 from /cvmfs/lhcb.cern.ch/lib/lhcb/GAUDI/GAUDI_v34r1/InstallArea/x86_64-centos7-gcc9-opt/include/GaudiKernel/IMessageSvc.h:15,
                 from /cvmfs/lhcb.cern.ch/lib/lhcb/GAUDI/GAUDI_v34r1/InstallArea/x86_64-centos7-gcc9-opt/include/GaudiKernel/MsgStream.h:15,
                 from /cvmfs/lhcb.cern.ch/lib/lhcb/GAUDI/GAUDI_v34r1/InstallArea/x86_64-centos7-gcc9-opt/include/GaudiKernel/GaudiException.h:16,
                 from /cvmfs/lhcb.cern.ch/lib/lhcb/GAUDI/GAUDI_v34r1/InstallArea/x86_64-centos7-gcc9-opt/include/GaudiKernel/CommonMessaging.h:20,
                 from /cvmfs/lhcb.cern.ch/lib/lhcb/GAUDI/GAUDI_v34r1/InstallArea/x86_64-centos7-gcc9-opt/include/GaudiKernel/AlgTool.h:15,
                 from /cvmfs/lhcb.cern.ch/lib/lhcb/GAUDI/GAUDI_v34r1/InstallArea/x86_64-centos7-gcc9-opt/include/GaudiAlg/GaudiTool.h:18,
                 from ../Phys/DecayTreeTuple/src/TupleToolKTauTauDTF_MLP.h:88,
                 from ../Phys/DecayTreeTuple/src/TupleToolKTauTauDTF_MLP.cpp:13:
/cvmfs/lhcb.cern.ch/lib/lhcb/GAUDI/GAUDI_v34r1/InstallArea/x86_64-centos7-gcc9-opt/include/GaudiKernel/StatusCode.h:65:5: note: ‘StatusCode’ declared here
   65 |     StatusCode final {
      |     ^~~~~~~~~~
../Phys/DecayTreeTuple/src/TupleToolKTauTauDTF_MLP.cpp:609:58: warning: ignoring returned value of type ‘StatusCode’, declared with attribute nodiscard [-Wunused-result]
  609 |     fillEndVtx(prefix+"_taup", tMap, DV1[fitter.nIter()]);
      |                                                          ^
In file included from ../Phys/DecayTreeTuple/src/TupleToolKTauTauDTF_MLP.cpp:13:
../Phys/DecayTreeTuple/src/TupleToolKTauTauDTF_MLP.h:207:14: note: in call to ‘StatusCode TupleToolKTauTauDTF_MLP::fillEndVtx(const string&, TupleToolKTauTauDTF_MLP::TupleMap&, Gaudi::XYZPoint) const’, declared here
  207 |   StatusCode fillEndVtx(const std::string& prefix,
      |              ^~~~~~~~~~
In file included from /cvmfs/lhcb.cern.ch/lib/lhcb/GAUDI/GAUDI_v34r1/InstallArea/x86_64-centos7-gcc9-opt/include/GaudiKernel/IInterface.h:16,
                 from /cvmfs/lhcb.cern.ch/lib/lhcb/GAUDI/GAUDI_v34r1/InstallArea/x86_64-centos7-gcc9-opt/include/GaudiKernel/IMessageSvc.h:15,
                 from /cvmfs/lhcb.cern.ch/lib/lhcb/GAUDI/GAUDI_v34r1/InstallArea/x86_64-centos7-gcc9-opt/include/GaudiKernel/MsgStream.h:15,
                 from /cvmfs/lhcb.cern.ch/lib/lhcb/GAUDI/GAUDI_v34r1/InstallArea/x86_64-centos7-gcc9-opt/include/GaudiKernel/GaudiException.h:16,
                 from /cvmfs/lhcb.cern.ch/lib/lhcb/GAUDI/GAUDI_v34r1/InstallArea/x86_64-centos7-gcc9-opt/include/GaudiKernel/CommonMessaging.h:20,
                 from /cvmfs/lhcb.cern.ch/lib/lhcb/GAUDI/GAUDI_v34r1/InstallArea/x86_64-centos7-gcc9-opt/include/GaudiKernel/AlgTool.h:15,
                 from /cvmfs/lhcb.cern.ch/lib/lhcb/GAUDI/GAUDI_v34r1/InstallArea/x86_64-centos7-gcc9-opt/include/GaudiAlg/GaudiTool.h:18,
                 from ../Phys/DecayTreeTuple/src/TupleToolKTauTauDTF_MLP.h:88,
                 from ../Phys/DecayTreeTuple/src/TupleToolKTauTauDTF_MLP.cpp:13:
/cvmfs/lhcb.cern.ch/lib/lhcb/GAUDI/GAUDI_v34r1/InstallArea/x86_64-centos7-gcc9-opt/include/GaudiKernel/StatusCode.h:65:5: note: ‘StatusCode’ declared here
   65 |     StatusCode final {
      |     ^~~~~~~~~~
../Phys/DecayTreeTuple/src/TupleToolKTauTauDTF_MLP.cpp:610:58: warning: ignoring returned value of type ‘StatusCode’, declared with attribute nodiscard [-Wunused-result]
  610 |     fillEndVtx(prefix+"_taum", tMap, DV2[fitter.nIter()]);
      |                                                          ^
In file included from ../Phys/DecayTreeTuple/src/TupleToolKTauTauDTF_MLP.cpp:13:
../Phys/DecayTreeTuple/src/TupleToolKTauTauDTF_MLP.h:207:14: note: in call to ‘StatusCode TupleToolKTauTauDTF_MLP::fillEndVtx(const string&, TupleToolKTauTauDTF_MLP::TupleMap&, Gaudi::XYZPoint) const’, declared here
  207 |   StatusCode fillEndVtx(const std::string& prefix,
      |              ^~~~~~~~~~
In file included from /cvmfs/lhcb.cern.ch/lib/lhcb/GAUDI/GAUDI_v34r1/InstallArea/x86_64-centos7-gcc9-opt/include/GaudiKernel/IInterface.h:16,
                 from /cvmfs/lhcb.cern.ch/lib/lhcb/GAUDI/GAUDI_v34r1/InstallArea/x86_64-centos7-gcc9-opt/include/GaudiKernel/IMessageSvc.h:15,
                 from /cvmfs/lhcb.cern.ch/lib/lhcb/GAUDI/GAUDI_v34r1/InstallArea/x86_64-centos7-gcc9-opt/include/GaudiKernel/MsgStream.h:15,
                 from /cvmfs/lhcb.cern.ch/lib/lhcb/GAUDI/GAUDI_v34r1/InstallArea/x86_64-centos7-gcc9-opt/include/GaudiKernel/GaudiException.h:16,
                 from /cvmfs/lhcb.cern.ch/lib/lhcb/GAUDI/GAUDI_v34r1/InstallArea/x86_64-centos7-gcc9-opt/include/GaudiKernel/CommonMessaging.h:20,
                 from /cvmfs/lhcb.cern.ch/lib/lhcb/GAUDI/GAUDI_v34r1/InstallArea/x86_64-centos7-gcc9-opt/include/GaudiKernel/AlgTool.h:15,
                 from /cvmfs/lhcb.cern.ch/lib/lhcb/GAUDI/GAUDI_v34r1/InstallArea/x86_64-centos7-gcc9-opt/include/GaudiAlg/GaudiTool.h:18,
                 from ../Phys/DecayTreeTuple/src/TupleToolKTauTauDTF_MLP.h:88,
                 from ../Phys/DecayTreeTuple/src/TupleToolKTauTauDTF_MLP.cpp:13:
/cvmfs/lhcb.cern.ch/lib/lhcb/GAUDI/GAUDI_v34r1/InstallArea/x86_64-centos7-gcc9-opt/include/GaudiKernel/StatusCode.h:65:5: note: ‘StatusCode’ declared here
   65 |     StatusCode final {
      |     ^~~~~~~~~~
../Phys/DecayTreeTuple/src/TupleToolKTauTauDTF_MLP.cpp:612:35: warning: ignoring returned value of type ‘StatusCode’, declared with attribute nodiscard [-Wunused-result]
  612 |     fillDecay(fitter,prefix,tMap );
      |                                   ^
In file included from ../Phys/DecayTreeTuple/src/TupleToolKTauTauDTF_MLP.cpp:13:
../Phys/DecayTreeTuple/src/TupleToolKTauTauDTF_MLP.h:213:14: note: in call to ‘StatusCode TupleToolKTauTauDTF_MLP::fillDecay(const DecayTreeFitter::Fitter&, const string&, TupleToolKTauTauDTF_MLP::TupleMap&) const’, declared here
  213 |   StatusCode fillDecay(const DecayTreeFitter::Fitter& fitter,
      |              ^~~~~~~~~
In file included from /cvmfs/lhcb.cern.ch/lib/lhcb/GAUDI/GAUDI_v34r1/InstallArea/x86_64-centos7-gcc9-opt/include/GaudiKernel/IInterface.h:16,
                 from /cvmfs/lhcb.cern.ch/lib/lhcb/GAUDI/GAUDI_v34r1/InstallArea/x86_64-centos7-gcc9-opt/include/GaudiKernel/IMessageSvc.h:15,
                 from /cvmfs/lhcb.cern.ch/lib/lhcb/GAUDI/GAUDI_v34r1/InstallArea/x86_64-centos7-gcc9-opt/include/GaudiKernel/MsgStream.h:15,
                 from /cvmfs/lhcb.cern.ch/lib/lhcb/GAUDI/GAUDI_v34r1/InstallArea/x86_64-centos7-gcc9-opt/include/GaudiKernel/GaudiException.h:16,
                 from /cvmfs/lhcb.cern.ch/lib/lhcb/GAUDI/GAUDI_v34r1/InstallArea/x86_64-centos7-gcc9-opt/include/GaudiKernel/CommonMessaging.h:20,
                 from /cvmfs/lhcb.cern.ch/lib/lhcb/GAUDI/GAUDI_v34r1/InstallArea/x86_64-centos7-gcc9-opt/include/GaudiKernel/AlgTool.h:15,
                 from /cvmfs/lhcb.cern.ch/lib/lhcb/GAUDI/GAUDI_v34r1/InstallArea/x86_64-centos7-gcc9-opt/include/GaudiAlg/GaudiTool.h:18,
                 from ../Phys/DecayTreeTuple/src/TupleToolKTauTauDTF_MLP.h:88,
                 from ../Phys/DecayTreeTuple/src/TupleToolKTauTauDTF_MLP.cpp:13:
/cvmfs/lhcb.cern.ch/lib/lhcb/GAUDI/GAUDI_v34r1/InstallArea/x86_64-centos7-gcc9-opt/include/GaudiKernel/StatusCode.h:65:5: note: ‘StatusCode’ declared here
   65 |     StatusCode final {
      |     ^~~~~~~~~~
../Phys/DecayTreeTuple/src/TupleToolKTauTauDTF_MLP.cpp:613:40: warning: ignoring returned value of type ‘StatusCode’, declared with attribute nodiscard [-Wunused-result]
  613 |     fillMomentum(fitter,P,prefix,tMap );
      |                                        ^
In file included from ../Phys/DecayTreeTuple/src/TupleToolKTauTauDTF_MLP.cpp:13:
../Phys/DecayTreeTuple/src/TupleToolKTauTauDTF_MLP.h:224:14: note: in call to ‘StatusCode TupleToolKTauTauDTF_MLP::fillMomentum(const DecayTreeFitter::Fitter&, const LHCb::Particle*, const string&, TupleToolKTauTauDTF_MLP::TupleMap&) const’, declared here
  224 |   StatusCode fillMomentum(const DecayTreeFitter::Fitter& fitter,
      |              ^~~~~~~~~~~~
In file included from /cvmfs/lhcb.cern.ch/lib/lhcb/GAUDI/GAUDI_v34r1/InstallArea/x86_64-centos7-gcc9-opt/include/GaudiKernel/IInterface.h:16,
                 from /cvmfs/lhcb.cern.ch/lib/lhcb/GAUDI/GAUDI_v34r1/InstallArea/x86_64-centos7-gcc9-opt/include/GaudiKernel/IMessageSvc.h:15,
                 from /cvmfs/lhcb.cern.ch/lib/lhcb/GAUDI/GAUDI_v34r1/InstallArea/x86_64-centos7-gcc9-opt/include/GaudiKernel/MsgStream.h:15,
                 from /cvmfs/lhcb.cern.ch/lib/lhcb/GAUDI/GAUDI_v34r1/InstallArea/x86_64-centos7-gcc9-opt/include/GaudiKernel/GaudiException.h:16,
                 from /cvmfs/lhcb.cern.ch/lib/lhcb/GAUDI/GAUDI_v34r1/InstallArea/x86_64-centos7-gcc9-opt/include/GaudiKernel/CommonMessaging.h:20,
                 from /cvmfs/lhcb.cern.ch/lib/lhcb/GAUDI/GAUDI_v34r1/InstallArea/x86_64-centos7-gcc9-opt/include/GaudiKernel/AlgTool.h:15,
                 from /cvmfs/lhcb.cern.ch/lib/lhcb/GAUDI/GAUDI_v34r1/InstallArea/x86_64-centos7-gcc9-opt/include/GaudiAlg/GaudiTool.h:18,
                 from ../Phys/DecayTreeTuple/src/TupleToolKTauTauDTF_MLP.h:88,
                 from ../Phys/DecayTreeTuple/src/TupleToolKTauTauDTF_MLP.cpp:13:
/cvmfs/lhcb.cern.ch/lib/lhcb/GAUDI/GAUDI_v34r1/InstallArea/x86_64-centos7-gcc9-opt/include/GaudiKernel/StatusCode.h:65:5: note: ‘StatusCode’ declared here
   65 |     StatusCode final {
      |     ^~~~~~~~~~
../Phys/DecayTreeTuple/src/TupleToolKTauTauDTF_MLP.cpp: In member function ‘StatusCode TupleToolKTauTauDTF_MLP::fillChi2Iter(DecayTreeFitter::Fitter&, std::vector<float>, const string&, Tuples::Tuple&) const’:
../Phys/DecayTreeTuple/src/TupleToolKTauTauDTF_MLP.cpp:666:75: warning: unused parameter ‘fitter’ [-Wunused-parameter]
  666 | StatusCode TupleToolKTauTauDTF_MLP::fillChi2Iter(DecayTreeFitter::Fitter& fitter, std::vector<float> chisq_iters,
      |                                                  ~~~~~~~~~~~~~~~~~~~~~~~~~^~~~~~
../Phys/DecayTreeTuple/src/TupleToolKTauTauDTF_MLP.cpp: In member function ‘StatusCode TupleToolKTauTauDTF_MLP::fillVtxIter(const DecayTreeFitter::Fitter&, const string&, Tuples::Tuple&, std::vector<ROOT::Math::PositionVector3D<ROOT::Math::Cartesian3D<double>, ROOT::Math::DefaultCoordinateSystemTag> >, std::vector<ROOT::Math::PositionVector3D<ROOT::Math::Cartesian3D<double>, ROOT::Math::DefaultCoordinateSystemTag> >, std::vector<ROOT::Math::PositionVector3D<ROOT::Math::Cartesian3D<double>, ROOT::Math::DefaultCoordinateSystemTag> >, std::vector<float>, std::vector<ROOT::Math::DisplacementVector3D<ROOT::Math::Cartesian3D<double> > >, std::vector<ROOT::Math::DisplacementVector3D<ROOT::Math::Cartesian3D<double> > >, std::vector<ROOT::Math::DisplacementVector3D<ROOT::Math::Cartesian3D<double> > >, std::vector<ROOT::Math::DisplacementVector3D<ROOT::Math::Cartesian3D<double> > >) const’:
../Phys/DecayTreeTuple/src/TupleToolKTauTauDTF_MLP.cpp:701:80: warning: unused parameter ‘fitter’ [-Wunused-parameter]
  701 | StatusCode TupleToolKTauTauDTF_MLP::fillVtxIter(const DecayTreeFitter::Fitter& fitter, const std::string& prefix,
      |                                                 ~~~~~~~~~~~~~~~~~~~~~~~~~~~~~~~^~~~~~
../Phys/DecayTreeTuple/src/TupleToolKTauTauDTF_MLP.cpp:704:64: warning: unused parameter ‘B_M’ [-Wunused-parameter]
  704 |                                             std::vector<float> B_M,
      |                                             ~~~~~~~~~~~~~~~~~~~^~~
../Phys/DecayTreeTuple/src/TupleToolKTauTauDTF_MLP.cpp: In member function ‘StatusCode TupleToolKTauTauDTF_MLP::fillDaughters(const DecayTreeFitter::Fitter&, const LHCb::Particle*, const string&, TupleToolKTauTauDTF_MLP::TupleMap&) const’:
../Phys/DecayTreeTuple/src/TupleToolKTauTauDTF_MLP.cpp:908:77: warning: ignoring returned value of type ‘StatusCode’, declared with attribute nodiscard [-Wunused-result]
  908 |     if ( renamed ) Info("Renaming duplicate to "+name,StatusCode::SUCCESS,1);
      |                                                                             ^
In file included from ../Phys/DecayTreeTuple/src/TupleToolKTauTauDTF_MLP.h:88,
                 from ../Phys/DecayTreeTuple/src/TupleToolKTauTauDTF_MLP.cpp:13:
/cvmfs/lhcb.cern.ch/lib/lhcb/GAUDI/GAUDI_v34r1/InstallArea/x86_64-centos7-gcc9-opt/include/GaudiAlg/GaudiTool.h:716:14: note: in call to ‘StatusCode GaudiTool::Info(const string&, StatusCode, size_t) const’, declared here
  716 |   StatusCode Info( const std::string& msg, const StatusCode st = StatusCode::SUCCESS, const size_t mx = 10 ) const {
      |              ^~~~
In file included from /cvmfs/lhcb.cern.ch/lib/lhcb/GAUDI/GAUDI_v34r1/InstallArea/x86_64-centos7-gcc9-opt/include/GaudiKernel/IInterface.h:16,
                 from /cvmfs/lhcb.cern.ch/lib/lhcb/GAUDI/GAUDI_v34r1/InstallArea/x86_64-centos7-gcc9-opt/include/GaudiKernel/IMessageSvc.h:15,
                 from /cvmfs/lhcb.cern.ch/lib/lhcb/GAUDI/GAUDI_v34r1/InstallArea/x86_64-centos7-gcc9-opt/include/GaudiKernel/MsgStream.h:15,
                 from /cvmfs/lhcb.cern.ch/lib/lhcb/GAUDI/GAUDI_v34r1/InstallArea/x86_64-centos7-gcc9-opt/include/GaudiKernel/GaudiException.h:16,
                 from /cvmfs/lhcb.cern.ch/lib/lhcb/GAUDI/GAUDI_v34r1/InstallArea/x86_64-centos7-gcc9-opt/include/GaudiKernel/CommonMessaging.h:20,
                 from /cvmfs/lhcb.cern.ch/lib/lhcb/GAUDI/GAUDI_v34r1/InstallArea/x86_64-centos7-gcc9-opt/include/GaudiKernel/AlgTool.h:15,
                 from /cvmfs/lhcb.cern.ch/lib/lhcb/GAUDI/GAUDI_v34r1/InstallArea/x86_64-centos7-gcc9-opt/include/GaudiAlg/GaudiTool.h:18,
                 from ../Phys/DecayTreeTuple/src/TupleToolKTauTauDTF_MLP.h:88,
                 from ../Phys/DecayTreeTuple/src/TupleToolKTauTauDTF_MLP.cpp:13:
/cvmfs/lhcb.cern.ch/lib/lhcb/GAUDI/GAUDI_v34r1/InstallArea/x86_64-centos7-gcc9-opt/include/GaudiKernel/StatusCode.h:65:5: note: ‘StatusCode’ declared here
   65 |     StatusCode final {
      |     ^~~~~~~~~~
../Phys/DecayTreeTuple/src/TupleToolKTauTauDTF_MLP.cpp:912:74: warning: ignoring returned value of type ‘StatusCode’, declared with attribute nodiscard [-Wunused-result]
  912 |     if ( m_useFullTreeInName ) { fillDaughters(fitter,particle,name,tMap); }
      |                                                                          ^
../Phys/DecayTreeTuple/src/TupleToolKTauTauDTF_MLP.cpp:876:12: note: in call to ‘StatusCode TupleToolKTauTauDTF_MLP::fillDaughters(const DecayTreeFitter::Fitter&, const LHCb::Particle*, const string&, TupleToolKTauTauDTF_MLP::TupleMap&) const’, declared here
  876 | StatusCode TupleToolKTauTauDTF_MLP::fillDaughters(const DecayTreeFitter::Fitter& fitter, const LHCb::Particle* P,
      |            ^~~~~~~~~~~~~~~~~~~~~~~
In file included from /cvmfs/lhcb.cern.ch/lib/lhcb/GAUDI/GAUDI_v34r1/InstallArea/x86_64-centos7-gcc9-opt/include/GaudiKernel/IInterface.h:16,
                 from /cvmfs/lhcb.cern.ch/lib/lhcb/GAUDI/GAUDI_v34r1/InstallArea/x86_64-centos7-gcc9-opt/include/GaudiKernel/IMessageSvc.h:15,
                 from /cvmfs/lhcb.cern.ch/lib/lhcb/GAUDI/GAUDI_v34r1/InstallArea/x86_64-centos7-gcc9-opt/include/GaudiKernel/MsgStream.h:15,
                 from /cvmfs/lhcb.cern.ch/lib/lhcb/GAUDI/GAUDI_v34r1/InstallArea/x86_64-centos7-gcc9-opt/include/GaudiKernel/GaudiException.h:16,
                 from /cvmfs/lhcb.cern.ch/lib/lhcb/GAUDI/GAUDI_v34r1/InstallArea/x86_64-centos7-gcc9-opt/include/GaudiKernel/CommonMessaging.h:20,
                 from /cvmfs/lhcb.cern.ch/lib/lhcb/GAUDI/GAUDI_v34r1/InstallArea/x86_64-centos7-gcc9-opt/include/GaudiKernel/AlgTool.h:15,
                 from /cvmfs/lhcb.cern.ch/lib/lhcb/GAUDI/GAUDI_v34r1/InstallArea/x86_64-centos7-gcc9-opt/include/GaudiAlg/GaudiTool.h:18,
                 from ../Phys/DecayTreeTuple/src/TupleToolKTauTauDTF_MLP.h:88,
                 from ../Phys/DecayTreeTuple/src/TupleToolKTauTauDTF_MLP.cpp:13:
/cvmfs/lhcb.cern.ch/lib/lhcb/GAUDI/GAUDI_v34r1/InstallArea/x86_64-centos7-gcc9-opt/include/GaudiKernel/StatusCode.h:65:5: note: ‘StatusCode’ declared here
   65 |     StatusCode final {
      |     ^~~~~~~~~~
../Phys/DecayTreeTuple/src/TupleToolKTauTauDTF_MLP.cpp: In member function ‘StatusCode TupleToolKTauTauDTF_MLP::fillStableDaughters(const DecayTreeFitter::Fitter&, const LHCb::Particle*, const string&, TupleToolKTauTauDTF_MLP::TupleMap&) const’:
../Phys/DecayTreeTuple/src/TupleToolKTauTauDTF_MLP.cpp:948:79: warning: ignoring returned value of type ‘StatusCode’, declared with attribute nodiscard [-Wunused-result]
  948 |       if ( renamed ) Info("Renaming duplicate to "+name,StatusCode::SUCCESS,1);
      |                                                                               ^
In file included from ../Phys/DecayTreeTuple/src/TupleToolKTauTauDTF_MLP.h:88,
                 from ../Phys/DecayTreeTuple/src/TupleToolKTauTauDTF_MLP.cpp:13:
/cvmfs/lhcb.cern.ch/lib/lhcb/GAUDI/GAUDI_v34r1/InstallArea/x86_64-centos7-gcc9-opt/include/GaudiAlg/GaudiTool.h:716:14: note: in call to ‘StatusCode GaudiTool::Info(const string&, StatusCode, size_t) const’, declared here
  716 |   StatusCode Info( const std::string& msg, const StatusCode st = StatusCode::SUCCESS, const size_t mx = 10 ) const {
      |              ^~~~
In file included from /cvmfs/lhcb.cern.ch/lib/lhcb/GAUDI/GAUDI_v34r1/InstallArea/x86_64-centos7-gcc9-opt/include/GaudiKernel/IInterface.h:16,
                 from /cvmfs/lhcb.cern.ch/lib/lhcb/GAUDI/GAUDI_v34r1/InstallArea/x86_64-centos7-gcc9-opt/include/GaudiKernel/IMessageSvc.h:15,
                 from /cvmfs/lhcb.cern.ch/lib/lhcb/GAUDI/GAUDI_v34r1/InstallArea/x86_64-centos7-gcc9-opt/include/GaudiKernel/MsgStream.h:15,
                 from /cvmfs/lhcb.cern.ch/lib/lhcb/GAUDI/GAUDI_v34r1/InstallArea/x86_64-centos7-gcc9-opt/include/GaudiKernel/GaudiException.h:16,
                 from /cvmfs/lhcb.cern.ch/lib/lhcb/GAUDI/GAUDI_v34r1/InstallArea/x86_64-centos7-gcc9-opt/include/GaudiKernel/CommonMessaging.h:20,
                 from /cvmfs/lhcb.cern.ch/lib/lhcb/GAUDI/GAUDI_v34r1/InstallArea/x86_64-centos7-gcc9-opt/include/GaudiKernel/AlgTool.h:15,
                 from /cvmfs/lhcb.cern.ch/lib/lhcb/GAUDI/GAUDI_v34r1/InstallArea/x86_64-centos7-gcc9-opt/include/GaudiAlg/GaudiTool.h:18,
                 from ../Phys/DecayTreeTuple/src/TupleToolKTauTauDTF_MLP.h:88,
                 from ../Phys/DecayTreeTuple/src/TupleToolKTauTauDTF_MLP.cpp:13:
/cvmfs/lhcb.cern.ch/lib/lhcb/GAUDI/GAUDI_v34r1/InstallArea/x86_64-centos7-gcc9-opt/include/GaudiKernel/StatusCode.h:65:5: note: ‘StatusCode’ declared here
   65 |     StatusCode final {
      |     ^~~~~~~~~~
../Phys/DecayTreeTuple/src/TupleToolKTauTauDTF_MLP.cpp:970:79: warning: ignoring returned value of type ‘StatusCode’, declared with attribute nodiscard [-Wunused-result]
  970 |       if ( renamed ) Info("Renaming duplicate to "+name,StatusCode::SUCCESS,1);
      |                                                                               ^
In file included from ../Phys/DecayTreeTuple/src/TupleToolKTauTauDTF_MLP.h:88,
                 from ../Phys/DecayTreeTuple/src/TupleToolKTauTauDTF_MLP.cpp:13:
/cvmfs/lhcb.cern.ch/lib/lhcb/GAUDI/GAUDI_v34r1/InstallArea/x86_64-centos7-gcc9-opt/include/GaudiAlg/GaudiTool.h:716:14: note: in call to ‘StatusCode GaudiTool::Info(const string&, StatusCode, size_t) const’, declared here
  716 |   StatusCode Info( const std::string& msg, const StatusCode st = StatusCode::SUCCESS, const size_t mx = 10 ) const {
      |              ^~~~
In file included from /cvmfs/lhcb.cern.ch/lib/lhcb/GAUDI/GAUDI_v34r1/InstallArea/x86_64-centos7-gcc9-opt/include/GaudiKernel/IInterface.h:16,
                 from /cvmfs/lhcb.cern.ch/lib/lhcb/GAUDI/GAUDI_v34r1/InstallArea/x86_64-centos7-gcc9-opt/include/GaudiKernel/IMessageSvc.h:15,
                 from /cvmfs/lhcb.cern.ch/lib/lhcb/GAUDI/GAUDI_v34r1/InstallArea/x86_64-centos7-gcc9-opt/include/GaudiKernel/MsgStream.h:15,
                 from /cvmfs/lhcb.cern.ch/lib/lhcb/GAUDI/GAUDI_v34r1/InstallArea/x86_64-centos7-gcc9-opt/include/GaudiKernel/GaudiException.h:16,
                 from /cvmfs/lhcb.cern.ch/lib/lhcb/GAUDI/GAUDI_v34r1/InstallArea/x86_64-centos7-gcc9-opt/include/GaudiKernel/CommonMessaging.h:20,
                 from /cvmfs/lhcb.cern.ch/lib/lhcb/GAUDI/GAUDI_v34r1/InstallArea/x86_64-centos7-gcc9-opt/include/GaudiKernel/AlgTool.h:15,
                 from /cvmfs/lhcb.cern.ch/lib/lhcb/GAUDI/GAUDI_v34r1/InstallArea/x86_64-centos7-gcc9-opt/include/GaudiAlg/GaudiTool.h:18,
                 from ../Phys/DecayTreeTuple/src/TupleToolKTauTauDTF_MLP.h:88,
                 from ../Phys/DecayTreeTuple/src/TupleToolKTauTauDTF_MLP.cpp:13:
/cvmfs/lhcb.cern.ch/lib/lhcb/GAUDI/GAUDI_v34r1/InstallArea/x86_64-centos7-gcc9-opt/include/GaudiKernel/StatusCode.h:65:5: note: ‘StatusCode’ declared here
   65 |     StatusCode final {
      |     ^~~~~~~~~~
../Phys/DecayTreeTuple/src/TupleToolKTauTauDTF_MLP.cpp: In member function ‘bool TupleToolKTauTauDTF_MLP::samePV(const LHCb::VertexBase*, const LHCb::VertexBase*) const’:
../Phys/DecayTreeTuple/src/TupleToolKTauTauDTF_MLP.cpp:1093:35: warning: ignoring returned value of type ‘StatusCode’, declared with attribute nodiscard [-Wunused-result]
 1093 |             StatusCode::SUCCESS,1);
      |                                   ^
In file included from ../Phys/DecayTreeTuple/src/TupleToolKTauTauDTF_MLP.h:88,
                 from ../Phys/DecayTreeTuple/src/TupleToolKTauTauDTF_MLP.cpp:13:
/cvmfs/lhcb.cern.ch/lib/lhcb/GAUDI/GAUDI_v34r1/InstallArea/x86_64-centos7-gcc9-opt/include/GaudiAlg/GaudiTool.h:698:14: note: in call to ‘StatusCode GaudiTool::Warning(const string&, StatusCode, size_t) const’, declared here
  698 |   StatusCode Warning( const std::string& msg, const StatusCode st = StatusCode::FAILURE, const size_t mx = 10 ) const {
      |              ^~~~~~~
In file included from /cvmfs/lhcb.cern.ch/lib/lhcb/GAUDI/GAUDI_v34r1/InstallArea/x86_64-centos7-gcc9-opt/include/GaudiKernel/IInterface.h:16,
                 from /cvmfs/lhcb.cern.ch/lib/lhcb/GAUDI/GAUDI_v34r1/InstallArea/x86_64-centos7-gcc9-opt/include/GaudiKernel/IMessageSvc.h:15,
                 from /cvmfs/lhcb.cern.ch/lib/lhcb/GAUDI/GAUDI_v34r1/InstallArea/x86_64-centos7-gcc9-opt/include/GaudiKernel/MsgStream.h:15,
                 from /cvmfs/lhcb.cern.ch/lib/lhcb/GAUDI/GAUDI_v34r1/InstallArea/x86_64-centos7-gcc9-opt/include/GaudiKernel/GaudiException.h:16,
                 from /cvmfs/lhcb.cern.ch/lib/lhcb/GAUDI/GAUDI_v34r1/InstallArea/x86_64-centos7-gcc9-opt/include/GaudiKernel/CommonMessaging.h:20,
                 from /cvmfs/lhcb.cern.ch/lib/lhcb/GAUDI/GAUDI_v34r1/InstallArea/x86_64-centos7-gcc9-opt/include/GaudiKernel/AlgTool.h:15,
                 from /cvmfs/lhcb.cern.ch/lib/lhcb/GAUDI/GAUDI_v34r1/InstallArea/x86_64-centos7-gcc9-opt/include/GaudiAlg/GaudiTool.h:18,
                 from ../Phys/DecayTreeTuple/src/TupleToolKTauTauDTF_MLP.h:88,
                 from ../Phys/DecayTreeTuple/src/TupleToolKTauTauDTF_MLP.cpp:13:
/cvmfs/lhcb.cern.ch/lib/lhcb/GAUDI/GAUDI_v34r1/InstallArea/x86_64-centos7-gcc9-opt/include/GaudiKernel/StatusCode.h:65:5: note: ‘StatusCode’ declared here
   65 |     StatusCode final {
      |     ^~~~~~~~~~
../Phys/DecayTreeTuple/src/TupleToolKTauTauDTF_MLP.cpp:1100:35: warning: ignoring returned value of type ‘StatusCode’, declared with attribute nodiscard [-Wunused-result]
 1100 |             StatusCode::SUCCESS,1);
      |                                   ^
In file included from ../Phys/DecayTreeTuple/src/TupleToolKTauTauDTF_MLP.h:88,
                 from ../Phys/DecayTreeTuple/src/TupleToolKTauTauDTF_MLP.cpp:13:
/cvmfs/lhcb.cern.ch/lib/lhcb/GAUDI/GAUDI_v34r1/InstallArea/x86_64-centos7-gcc9-opt/include/GaudiAlg/GaudiTool.h:698:14: note: in call to ‘StatusCode GaudiTool::Warning(const string&, StatusCode, size_t) const’, declared here
  698 |   StatusCode Warning( const std::string& msg, const StatusCode st = StatusCode::FAILURE, const size_t mx = 10 ) const {
      |              ^~~~~~~
In file included from /cvmfs/lhcb.cern.ch/lib/lhcb/GAUDI/GAUDI_v34r1/InstallArea/x86_64-centos7-gcc9-opt/include/GaudiKernel/IInterface.h:16,
                 from /cvmfs/lhcb.cern.ch/lib/lhcb/GAUDI/GAUDI_v34r1/InstallArea/x86_64-centos7-gcc9-opt/include/GaudiKernel/IMessageSvc.h:15,
                 from /cvmfs/lhcb.cern.ch/lib/lhcb/GAUDI/GAUDI_v34r1/InstallArea/x86_64-centos7-gcc9-opt/include/GaudiKernel/MsgStream.h:15,
                 from /cvmfs/lhcb.cern.ch/lib/lhcb/GAUDI/GAUDI_v34r1/InstallArea/x86_64-centos7-gcc9-opt/include/GaudiKernel/GaudiException.h:16,
                 from /cvmfs/lhcb.cern.ch/lib/lhcb/GAUDI/GAUDI_v34r1/InstallArea/x86_64-centos7-gcc9-opt/include/GaudiKernel/CommonMessaging.h:20,
                 from /cvmfs/lhcb.cern.ch/lib/lhcb/GAUDI/GAUDI_v34r1/InstallArea/x86_64-centos7-gcc9-opt/include/GaudiKernel/AlgTool.h:15,
                 from /cvmfs/lhcb.cern.ch/lib/lhcb/GAUDI/GAUDI_v34r1/InstallArea/x86_64-centos7-gcc9-opt/include/GaudiAlg/GaudiTool.h:18,
                 from ../Phys/DecayTreeTuple/src/TupleToolKTauTauDTF_MLP.h:88,
                 from ../Phys/DecayTreeTuple/src/TupleToolKTauTauDTF_MLP.cpp:13:
/cvmfs/lhcb.cern.ch/lib/lhcb/GAUDI/GAUDI_v34r1/InstallArea/x86_64-centos7-gcc9-opt/include/GaudiKernel/StatusCode.h:65:5: note: ‘StatusCode’ declared here
   65 |     StatusCode final {
      |     ^~~~~~~~~~
[2/7] Linking CXX shared module lib/libDecayTreeTuple.so
[3/7] Generating DecayTreeTuple.components
[4/7] Generating genConf/DecayTreeTuple/DecayTreeTupleConf.py, genConf/DecayTreeTuple/__init__.py, genConf/DecayTreeTuple/DecayTreeTuple.confdb, genConf/DecayTreeTuple/DecayTreeTuple.confdb2_part
[5/7] Generating lib/DaVinciDev.components
[6/7] Generating lib/DaVinciDev.confdb
[7/7] Generating lib/DaVinciDev.confdb2
